-- The C compiler identification is GNU 11.4.0
-- The CXX compiler identification is GNU 11.4.0
-- Detecting C compiler ABI info
-- Detecting C compiler ABI info - done
-- Check for working C compiler: /usr/bin/gcc - skipped
-- Detecting C compile features
-- Detecting C compile features - done
-- Detecting CXX compiler ABI info
-- Detecting CXX compiler ABI info - done
-- Check for working CXX compiler: /usr/bin/g++ - skipped
-- Detecting CXX compile features
-- Detecting CXX compile features - done
-- Building for ROS 2 Jazzy
-- Found ament_cmake: 2.5.2 (/usr/local/MATLAB/R2025b/sys/ros2/glnxa64/ros2/share/ament_cmake/cmake)
-- Found Python3: /home/yoo/.matlab/R2025b/ros2/glnxa64/venv/bin/python3 (found version "3.10.12") found components: Interpreter 
-- Found ament_cmake_ros: 0.12.0 (/usr/local/MATLAB/R2025b/sys/ros2/glnxa64/ros2/share/ament_cmake_ros/cmake)
-- Found rosidl_typesupport_c: 3.2.2 (/usr/local/MATLAB/R2025b/sys/ros2/glnxa64/ros2/share/rosidl_typesupport_c/cmake)
-- Using all available rosidl_typesupport_c: rosidl_typesupport_fastrtps_c;rosidl_typesupport_introspection_c
-- Found rosidl_typesupport_cpp: 3.2.2 (/usr/local/MATLAB/R2025b/sys/ros2/glnxa64/ros2/share/rosidl_typesupport_cpp/cmake)
-- Using all available rosidl_typesupport_cpp: rosidl_typesupport_fastrtps_cpp;rosidl_typesupport_introspection_cpp
-- Found rosidl_default_generators: 1.6.0 (/usr/local/MATLAB/R2025b/sys/ros2/glnxa64/ros2/share/rosidl_default_generators/cmake)
-- Found rosidl_adapter: 4.8.1 (/usr/local/MATLAB/R2025b/sys/ros2/glnxa64/ros2/share/rosidl_adapter/cmake)
-- Found builtin_interfaces: 2.0.2 (/usr/local/MATLAB/R2025b/sys/ros2/glnxa64/ros2/share/builtin_interfaces/cmake)
-- Found class_loader: 2.7.0 (/usr/local/MATLAB/R2025b/sys/ros2/glnxa64/ros2/share/class_loader/cmake)
-- Found geometry_msgs: 5.3.5 (/usr/local/MATLAB/R2025b/sys/ros2/glnxa64/ros2/share/geometry_msgs/cmake)
-- Found rclcpp: 28.1.3 (/usr/local/MATLAB/R2025b/sys/ros2/glnxa64/ros2/share/rclcpp/cmake)
-- Found rmw_implementation_cmake: 7.3.1 (/usr/local/MATLAB/R2025b/sys/ros2/glnxa64/ros2/share/rmw_implementation_cmake/cmake)
-- Found rmw_fastrtps_cpp: 9.0.0 (/usr/local/MATLAB/R2025b/sys/ros2/glnxa64/ros2/share/rmw_fastrtps_cpp/cmake)
-- Found FastRTPS: /usr/local/MATLAB/R2025b/sys/ros2/glnxa64/ros2/include (Required is at least version "2.13") 
-- Using RMW implementation 'rmw_fastrtps_cpp' as default
-- Using all available rosidl_typesupport_c: rosidl_typesupport_fastrtps_c;rosidl_typesupport_introspection_c
-- Using all available rosidl_typesupport_cpp: rosidl_typesupport_fastrtps_cpp;rosidl_typesupport_introspection_cpp
-- Configuring done
-- Generating done
-- Build files have been written to: /home/yoo/Documents/MATLAB/MPC/control/matlab_msg_gen/glnxa64/build/autoware_auto_planning_msgs
[1/87] Generating type hashes for ROS interfaces
[2/87] Generating C++ code for ROS interfaces
[3/87] Generating C code for ROS interfaces
[4/87] Building C object CMakeFiles/autoware_auto_planning_msgs__rosidl_generator_c.dir/rosidl_generator_c/autoware_auto_planning_msgs/msg/detail/order_movement__type_support.c.o
[5/87] Building C object CMakeFiles/autoware_auto_planning_msgs__rosidl_generator_c.dir/rosidl_generator_c/autoware_auto_planning_msgs/msg/detail/path_point__type_support.c.o
[6/87] Building C object CMakeFiles/autoware_auto_planning_msgs__rosidl_generator_c.dir/rosidl_generator_c/autoware_auto_planning_msgs/msg/detail/path__type_support.c.o
[7/87] Building C object CMakeFiles/autoware_auto_planning_msgs__rosidl_generator_c.dir/rosidl_generator_c/autoware_auto_planning_msgs/msg/detail/path_point_with_lane_id__type_support.c.o
[8/87] Building C object CMakeFiles/autoware_auto_planning_msgs__rosidl_generator_c.dir/rosidl_generator_c/autoware_auto_planning_msgs/msg/detail/path_with_lane_id__type_support.c.o
[9/87] Building C object CMakeFiles/autoware_auto_planning_msgs__rosidl_generator_c.dir/rosidl_generator_c/autoware_auto_planning_msgs/msg/detail/order_movement__description.c.o
[10/87] Building C object CMakeFiles/autoware_auto_planning_msgs__rosidl_generator_c.dir/rosidl_generator_c/autoware_auto_planning_msgs/msg/detail/path_point__description.c.o
[11/87] Building C object CMakeFiles/autoware_auto_planning_msgs__rosidl_generator_c.dir/rosidl_generator_c/autoware_auto_planning_msgs/msg/detail/path__description.c.o
[12/87] Building C object CMakeFiles/autoware_auto_planning_msgs__rosidl_generator_c.dir/rosidl_generator_c/autoware_auto_planning_msgs/msg/detail/trajectory__description.c.o
[13/87] Building C object CMakeFiles/autoware_auto_planning_msgs__rosidl_generator_c.dir/rosidl_generator_c/autoware_auto_planning_msgs/msg/detail/path_point_with_lane_id__description.c.o
[14/87] Building C object CMakeFiles/autoware_auto_planning_msgs__rosidl_generator_c.dir/rosidl_generator_c/autoware_auto_planning_msgs/msg/detail/path_with_lane_id__description.c.o
[15/87] Building C object CMakeFiles/autoware_auto_planning_msgs__rosidl_generator_c.dir/rosidl_generator_c/autoware_auto_planning_msgs/msg/detail/trajectory_point__type_support.c.o
[16/87] Building C object CMakeFiles/autoware_auto_planning_msgs__rosidl_generator_c.dir/rosidl_generator_c/autoware_auto_planning_msgs/msg/detail/trajectory__type_support.c.o
[17/87] Building C object CMakeFiles/autoware_auto_planning_msgs__rosidl_generator_c.dir/rosidl_generator_c/autoware_auto_planning_msgs/msg/detail/trajectory_point__description.c.o
[18/87] Building C object CMakeFiles/autoware_auto_planning_msgs__rosidl_generator_c.dir/rosidl_generator_c/autoware_auto_planning_msgs/msg/detail/path_with_lane_id__functions.c.o
[19/87] Building C object CMakeFiles/autoware_auto_planning_msgs__rosidl_generator_c.dir/rosidl_generator_c/autoware_auto_planning_msgs/msg/detail/path_point_with_lane_id__functions.c.o
[20/87] Building C object CMakeFiles/autoware_auto_planning_msgs__rosidl_generator_c.dir/rosidl_generator_c/autoware_auto_planning_msgs/msg/detail/order_movement__functions.c.o
[21/87] Building C object CMakeFiles/autoware_auto_planning_msgs__rosidl_generator_c.dir/rosidl_generator_c/autoware_auto_planning_msgs/msg/detail/path__functions.c.o
[22/87] Building C object CMakeFiles/autoware_auto_planning_msgs__rosidl_generator_c.dir/rosidl_generator_c/autoware_auto_planning_msgs/msg/detail/path_point__functions.c.o
[23/87] Building C object CMakeFiles/autoware_auto_planning_msgs__rosidl_generator_c.dir/rosidl_generator_c/autoware_auto_planning_msgs/msg/detail/trajectory__functions.c.o
[24/87] Building C object CMakeFiles/autoware_auto_planning_msgs__rosidl_generator_c.dir/rosidl_generator_c/autoware_auto_planning_msgs/msg/detail/trajectory_point__functions.c.o
[25/87] Linking C shared library libautoware_auto_planning_msgs__rosidl_generator_c.so
[26/87] Generating C type support dispatch for ROS interfaces
[27/87] Generating C++ type support dispatch for ROS interfaces
[28/87] Building CXX object CMakeFiles/autoware_auto_planning_msgs__rosidl_typesupport_c.dir/rosidl_typesupport_c/autoware_auto_planning_msgs/msg/path__type_support.cpp.o
[29/87] Building CXX object CMakeFiles/autoware_auto_planning_msgs__rosidl_typesupport_c.dir/rosidl_typesupport_c/autoware_auto_planning_msgs/msg/order_movement__type_support.cpp.o
[30/87] Building CXX object CMakeFiles/autoware_auto_planning_msgs__rosidl_typesupport_c.dir/rosidl_typesupport_c/autoware_auto_planning_msgs/msg/path_point__type_support.cpp.o
[31/87] Building CXX object CMakeFiles/autoware_auto_planning_msgs__rosidl_typesupport_c.dir/rosidl_typesupport_c/autoware_auto_planning_msgs/msg/path_point_with_lane_id__type_support.cpp.o
[32/87] Building CXX object CMakeFiles/autoware_auto_planning_msgs__rosidl_typesupport_c.dir/rosidl_typesupport_c/autoware_auto_planning_msgs/msg/path_with_lane_id__type_support.cpp.o
[33/87] Building CXX object CMakeFiles/autoware_auto_planning_msgs__rosidl_typesupport_c.dir/rosidl_typesupport_c/autoware_auto_planning_msgs/msg/trajectory__type_support.cpp.o
[34/87] Building CXX object CMakeFiles/autoware_auto_planning_msgs__rosidl_typesupport_c.dir/rosidl_typesupport_c/autoware_auto_planning_msgs/msg/trajectory_point__type_support.cpp.o
[35/87] Generating C++ introspection for ROS interfaces
[36/87] Generating C introspection for ROS interfaces
[37/87] Linking CXX shared library libautoware_auto_planning_msgs__rosidl_typesupport_c.so
[38/87] Building C object CMakeFiles/autoware_auto_planning_msgs__rosidl_typesupport_introspection_c.dir/rosidl_typesupport_introspection_c/autoware_auto_planning_msgs/msg/detail/order_movement__type_support.c.o
[39/87] Building C object CMakeFiles/autoware_auto_planning_msgs__rosidl_typesupport_introspection_c.dir/rosidl_typesupport_introspection_c/autoware_auto_planning_msgs/msg/detail/path__type_support.c.o
[40/87] Building C object CMakeFiles/autoware_auto_planning_msgs__rosidl_typesupport_introspection_c.dir/rosidl_typesupport_introspection_c/autoware_auto_planning_msgs/msg/detail/path_with_lane_id__type_support.c.o
[41/87] Generating C++ type support for eProsima Fast-RTPS
[42/87] Building C object CMakeFiles/autoware_auto_planning_msgs__rosidl_typesupport_introspection_c.dir/rosidl_typesupport_introspection_c/autoware_auto_planning_msgs/msg/detail/path_point_with_lane_id__type_support.c.o
[43/87] Building C object CMakeFiles/autoware_auto_planning_msgs__rosidl_typesupport_introspection_c.dir/rosidl_typesupport_introspection_c/autoware_auto_planning_msgs/msg/detail/path_point__type_support.c.o
[44/87] Generating C type support for eProsima Fast-RTPS
[45/87] Building C object CMakeFiles/autoware_auto_planning_msgs__rosidl_typesupport_introspection_c.dir/rosidl_typesupport_introspection_c/autoware_auto_planning_msgs/msg/detail/trajectory__type_support.c.o
[46/87] Building C object CMakeFiles/autoware_auto_planning_msgs__rosidl_typesupport_introspection_c.dir/rosidl_typesupport_introspection_c/autoware_auto_planning_msgs/msg/detail/trajectory_point__type_support.c.o
[47/87] Building CXX object CMakeFiles/autoware_auto_planning_msgs__rosidl_typesupport_cpp.dir/rosidl_typesupport_cpp/autoware_auto_planning_msgs/msg/path_with_lane_id__type_support.cpp.o
[48/87] Building CXX object CMakeFiles/autoware_auto_planning_msgs__rosidl_typesupport_cpp.dir/rosidl_typesupport_cpp/autoware_auto_planning_msgs/msg/order_movement__type_support.cpp.o
[49/87] Building CXX object CMakeFiles/autoware_auto_planning_msgs__rosidl_typesupport_cpp.dir/rosidl_typesupport_cpp/autoware_auto_planning_msgs/msg/path__type_support.cpp.o
[50/87] Building CXX object CMakeFiles/autoware_auto_planning_msgs__rosidl_typesupport_cpp.dir/rosidl_typesupport_cpp/autoware_auto_planning_msgs/msg/path_point__type_support.cpp.o
[51/87] Building CXX object CMakeFiles/autoware_auto_planning_msgs__rosidl_typesupport_cpp.dir/rosidl_typesupport_cpp/autoware_auto_planning_msgs/msg/path_point_with_lane_id__type_support.cpp.o
[52/87] Building CXX object CMakeFiles/autoware_auto_planning_msgs__rosidl_typesupport_cpp.dir/rosidl_typesupport_cpp/autoware_auto_planning_msgs/msg/trajectory_point__type_support.cpp.o
[53/87] Building CXX object CMakeFiles/autoware_auto_planning_msgs__rosidl_typesupport_cpp.dir/rosidl_typesupport_cpp/autoware_auto_planning_msgs/msg/trajectory__type_support.cpp.o
[54/87] Linking C shared library libautoware_auto_planning_msgs__rosidl_typesupport_introspection_c.so
[55/87] Building CXX object CMakeFiles/autoware_auto_planning_msgs__rosidl_typesupport_introspection_cpp.dir/rosidl_typesupport_introspection_cpp/autoware_auto_planning_msgs/msg/detail/order_movement__type_support.cpp.o
[56/87] Building CXX object CMakeFiles/autoware_auto_planning_msgs__rosidl_typesupport_fastrtps_c.dir/rosidl_typesupport_fastrtps_c/autoware_auto_planning_msgs/msg/detail/path_point__type_support_c.cpp.o
[57/87] Building CXX object CMakeFiles/autoware_auto_planning_msgs__rosidl_typesupport_fastrtps_cpp.dir/rosidl_typesupport_fastrtps_cpp/autoware_auto_planning_msgs/msg/detail/dds_fastrtps/order_movement__type_support.cpp.o
[58/87] Building CXX object CMakeFiles/autoware_auto_planning_msgs__rosidl_typesupport_fastrtps_c.dir/rosidl_typesupport_fastrtps_c/autoware_auto_planning_msgs/msg/detail/order_movement__type_support_c.cpp.o
[59/87] Building CXX object CMakeFiles/autoware_auto_planning_msgs__rosidl_typesupport_fastrtps_c.dir/rosidl_typesupport_fastrtps_c/autoware_auto_planning_msgs/msg/detail/path__type_support_c.cpp.o
[60/87] Building CXX object CMakeFiles/autoware_auto_planning_msgs__rosidl_typesupport_fastrtps_c.dir/rosidl_typesupport_fastrtps_c/autoware_auto_planning_msgs/msg/detail/path_point_with_lane_id__type_support_c.cpp.o
[61/87] Building CXX object CMakeFiles/autoware_auto_planning_msgs__rosidl_typesupport_fastrtps_c.dir/rosidl_typesupport_fastrtps_c/autoware_auto_planning_msgs/msg/detail/trajectory_point__type_support_c.cpp.o
[62/87] Building CXX object CMakeFiles/autoware_auto_planning_msgs__rosidl_typesupport_fastrtps_c.dir/rosidl_typesupport_fastrtps_c/autoware_auto_planning_msgs/msg/detail/trajectory__type_support_c.cpp.o
[63/87] Building CXX object CMakeFiles/autoware_auto_planning_msgs__rosidl_typesupport_fastrtps_c.dir/rosidl_typesupport_fastrtps_c/autoware_auto_planning_msgs/msg/detail/path_with_lane_id__type_support_c.cpp.o
[64/87] Building CXX object CMakeFiles/autoware_auto_planning_msgs__rosidl_typesupport_fastrtps_cpp.dir/rosidl_typesupport_fastrtps_cpp/autoware_auto_planning_msgs/msg/detail/dds_fastrtps/path_point__type_support.cpp.o
[65/87] Building CXX object CMakeFiles/autoware_auto_planning_msgs__rosidl_typesupport_fastrtps_cpp.dir/rosidl_typesupport_fastrtps_cpp/autoware_auto_planning_msgs/msg/detail/dds_fastrtps/path__type_support.cpp.o
[66/87] Building CXX object CMakeFiles/autoware_auto_planning_msgs__rosidl_typesupport_fastrtps_cpp.dir/rosidl_typesupport_fastrtps_cpp/autoware_auto_planning_msgs/msg/detail/dds_fastrtps/path_point_with_lane_id__type_support.cpp.o
[67/87] Linking CXX shared library libautoware_auto_planning_msgs__rosidl_typesupport_fastrtps_c.so
[68/87] Building CXX object CMakeFiles/autoware_auto_planning_msgs__rosidl_typesupport_fastrtps_cpp.dir/rosidl_typesupport_fastrtps_cpp/autoware_auto_planning_msgs/msg/detail/dds_fastrtps/path_with_lane_id__type_support.cpp.o
[69/87] Linking CXX shared library libautoware_auto_planning_msgs__rosidl_typesupport_cpp.so
[70/87] Building CXX object CMakeFiles/autoware_auto_planning_msgs__rosidl_typesupport_introspection_cpp.dir/rosidl_typesupport_introspection_cpp/autoware_auto_planning_msgs/msg/detail/path__type_support.cpp.o
[71/87] Building CXX object CMakeFiles/autoware_auto_planning_msgs__rosidl_typesupport_introspection_cpp.dir/rosidl_typesupport_introspection_cpp/autoware_auto_planning_msgs/msg/detail/path_point_with_lane_id__type_support.cpp.o
[72/87] Building CXX object CMakeFiles/autoware_auto_planning_msgs__rosidl_typesupport_introspection_cpp.dir/rosidl_typesupport_introspection_cpp/autoware_auto_planning_msgs/msg/detail/path_point__type_support.cpp.o
[73/87] Building CXX object CMakeFiles/autoware_auto_planning_msgs__rosidl_typesupport_fastrtps_cpp.dir/rosidl_typesupport_fastrtps_cpp/autoware_auto_planning_msgs/msg/detail/dds_fastrtps/trajectory_point__type_support.cpp.o
[74/87] Building CXX object CMakeFiles/autoware_auto_planning_msgs__rosidl_typesupport_fastrtps_cpp.dir/rosidl_typesupport_fastrtps_cpp/autoware_auto_planning_msgs/msg/detail/dds_fastrtps/trajectory__type_support.cpp.o
[75/87] Building CXX object CMakeFiles/autoware_auto_planning_msgs__rosidl_typesupport_introspection_cpp.dir/rosidl_typesupport_introspection_cpp/autoware_auto_planning_msgs/msg/detail/trajectory__type_support.cpp.o
[76/87] Building CXX object CMakeFiles/autoware_auto_planning_msgs__rosidl_typesupport_introspection_cpp.dir/rosidl_typesupport_introspection_cpp/autoware_auto_planning_msgs/msg/detail/trajectory_point__type_support.cpp.o
[77/87] Linking CXX shared library libautoware_auto_planning_msgs__rosidl_typesupport_fastrtps_cpp.so
[78/87] Building CXX object CMakeFiles/autoware_auto_planning_msgs__rosidl_typesupport_introspection_cpp.dir/rosidl_typesupport_introspection_cpp/autoware_auto_planning_msgs/msg/detail/path_with_lane_id__type_support.cpp.o
[79/87] Linking CXX shared library libautoware_auto_planning_msgs__rosidl_typesupport_introspection_cpp.so
[80/87] Building CXX object CMakeFiles/autoware_auto_planning_msgs_matlab.dir/src/autoware_auto_planning_msgs_OrderMovement_message.cpp.o
[81/87] Building CXX object CMakeFiles/autoware_auto_planning_msgs_matlab.dir/src/autoware_auto_planning_msgs_Trajectory_message.cpp.o
[82/87] Building CXX object CMakeFiles/autoware_auto_planning_msgs_matlab.dir/src/autoware_auto_planning_msgs_PathPoint_message.cpp.o
[83/87] Building CXX object CMakeFiles/autoware_auto_planning_msgs_matlab.dir/src/autoware_auto_planning_msgs_Path_message.cpp.o
[84/87] Building CXX object CMakeFiles/autoware_auto_planning_msgs_matlab.dir/src/autoware_auto_planning_msgs_TrajectoryPoint_message.cpp.o
[85/87] Building CXX object CMakeFiles/autoware_auto_planning_msgs_matlab.dir/src/autoware_auto_planning_msgs_PathPointWithLaneId_message.cpp.o
[86/87] Building CXX object CMakeFiles/autoware_auto_planning_msgs_matlab.dir/src/autoware_auto_planning_msgs_PathWithLaneId_message.cpp.o
[87/87] Linking CXX shared library libautoware_auto_planning_msgs_matlab.so
-- Install configuration: "Release"
-- Installing: /home/yoo/Documents/MATLAB/MPC/control/matlab_msg_gen/glnxa64/install/share/ament_index/resource_index/rosidl_interfaces/autoware_auto_planning_msgs
-- Installing: /home/yoo/Documents/MATLAB/MPC/control/matlab_msg_gen/glnxa64/install/share/autoware_auto_planning_msgs/msg/OrderMovement.json
-- Installing: /home/yoo/Documents/MATLAB/MPC/control/matlab_msg_gen/glnxa64/install/share/autoware_auto_planning_msgs/msg/Path.json
-- Installing: /home/yoo/Documents/MATLAB/MPC/control/matlab_msg_gen/glnxa64/install/share/autoware_auto_planning_msgs/msg/PathPoint.json
-- Installing: /home/yoo/Documents/MATLAB/MPC/control/matlab_msg_gen/glnxa64/install/share/autoware_auto_planning_msgs/msg/PathPointWithLaneId.json
-- Installing: /home/yoo/Documents/MATLAB/MPC/control/matlab_msg_gen/glnxa64/install/share/autoware_auto_planning_msgs/msg/PathWithLaneId.json
-- Installing: /home/yoo/Documents/MATLAB/MPC/control/matlab_msg_gen/glnxa64/install/share/autoware_auto_planning_msgs/msg/Trajectory.json
-- Installing: /home/yoo/Documents/MATLAB/MPC/control/matlab_msg_gen/glnxa64/install/share/autoware_auto_planning_msgs/msg/TrajectoryPoint.json
-- Installing: /home/yoo/Documents/MATLAB/MPC/control/matlab_msg_gen/glnxa64/install/include/autoware_auto_planning_msgs/autoware_auto_planning_msgs
-- Installing: /home/yoo/Documents/MATLAB/MPC/control/matlab_msg_gen/glnxa64/install/include/autoware_auto_planning_msgs/autoware_auto_planning_msgs/msg
-- Installing: /home/yoo/Documents/MATLAB/MPC/control/matlab_msg_gen/glnxa64/install/include/autoware_auto_planning_msgs/autoware_auto_planning_msgs/msg/path.h
-- Installing: /home/yoo/Documents/MATLAB/MPC/control/matlab_msg_gen/glnxa64/install/include/autoware_auto_planning_msgs/autoware_auto_planning_msgs/msg/order_movement.h
-- Installing: /home/yoo/Documents/MATLAB/MPC/control/matlab_msg_gen/glnxa64/install/include/autoware_auto_planning_msgs/autoware_auto_planning_msgs/msg/path_point.h
-- Installing: /home/yoo/Documents/MATLAB/MPC/control/matlab_msg_gen/glnxa64/install/include/autoware_auto_planning_msgs/autoware_auto_planning_msgs/msg/path_point_with_lane_id.h
-- Installing: /home/yoo/Documents/MATLAB/MPC/control/matlab_msg_gen/glnxa64/install/include/autoware_auto_planning_msgs/autoware_auto_planning_msgs/msg/trajectory_point.h
-- Installing: /home/yoo/Documents/MATLAB/MPC/control/matlab_msg_gen/glnxa64/install/include/autoware_auto_planning_msgs/autoware_auto_planning_msgs/msg/trajectory.h
-- Installing: /home/yoo/Documents/MATLAB/MPC/control/matlab_msg_gen/glnxa64/install/include/autoware_auto_planning_msgs/autoware_auto_planning_msgs/msg/path_with_lane_id.h
-- Installing: /home/yoo/Documents/MATLAB/MPC/control/matlab_msg_gen/glnxa64/install/include/autoware_auto_planning_msgs/autoware_auto_planning_msgs/msg/detail
-- Installing: /home/yoo/Documents/MATLAB/MPC/control/matlab_msg_gen/glnxa64/install/include/autoware_auto_planning_msgs/autoware_auto_planning_msgs/msg/detail/trajectory__functions.c
-- Installing: /home/yoo/Documents/MATLAB/MPC/control/matlab_msg_gen/glnxa64/install/include/autoware_auto_planning_msgs/autoware_auto_planning_msgs/msg/detail/path_with_lane_id__functions.h
-- Installing: /home/yoo/Documents/MATLAB/MPC/control/matlab_msg_gen/glnxa64/install/include/autoware_auto_planning_msgs/autoware_auto_planning_msgs/msg/detail/path__functions.h
-- Installing: /home/yoo/Documents/MATLAB/MPC/control/matlab_msg_gen/glnxa64/install/include/autoware_auto_planning_msgs/autoware_auto_planning_msgs/msg/detail/order_movement__type_support.h
-- Installing: /home/yoo/Documents/MATLAB/MPC/control/matlab_msg_gen/glnxa64/install/include/autoware_auto_planning_msgs/autoware_auto_planning_msgs/msg/detail/order_movement__type_support.c
-- Installing: /home/yoo/Documents/MATLAB/MPC/control/matlab_msg_gen/glnxa64/install/include/autoware_auto_planning_msgs/autoware_auto_planning_msgs/msg/detail/path_with_lane_id__type_support.h
-- Installing: /home/yoo/Documents/MATLAB/MPC/control/matlab_msg_gen/glnxa64/install/include/autoware_auto_planning_msgs/autoware_auto_planning_msgs/msg/detail/order_movement__description.c
-- Installing: /home/yoo/Documents/MATLAB/MPC/control/matlab_msg_gen/glnxa64/install/include/autoware_auto_planning_msgs/autoware_auto_planning_msgs/msg/detail/path_point_with_lane_id__description.c
-- Installing: /home/yoo/Documents/MATLAB/MPC/control/matlab_msg_gen/glnxa64/install/include/autoware_auto_planning_msgs/autoware_auto_planning_msgs/msg/detail/path_with_lane_id__description.c
-- Installing: /home/yoo/Documents/MATLAB/MPC/control/matlab_msg_gen/glnxa64/install/include/autoware_auto_planning_msgs/autoware_auto_planning_msgs/msg/detail/path_point_with_lane_id__type_support.h
-- Installing: /home/yoo/Documents/MATLAB/MPC/control/matlab_msg_gen/glnxa64/install/include/autoware_auto_planning_msgs/autoware_auto_planning_msgs/msg/detail/path_point_with_lane_id__functions.c
-- Installing: /home/yoo/Documents/MATLAB/MPC/control/matlab_msg_gen/glnxa64/install/include/autoware_auto_planning_msgs/autoware_auto_planning_msgs/msg/detail/order_movement__struct.h
-- Installing: /home/yoo/Documents/MATLAB/MPC/control/matlab_msg_gen/glnxa64/install/include/autoware_auto_planning_msgs/autoware_auto_planning_msgs/msg/detail/path_point_with_lane_id__struct.h
-- Installing: /home/yoo/Documents/MATLAB/MPC/control/matlab_msg_gen/glnxa64/install/include/autoware_auto_planning_msgs/autoware_auto_planning_msgs/msg/detail/path_point__description.c
-- Installing: /home/yoo/Documents/MATLAB/MPC/control/matlab_msg_gen/glnxa64/install/include/autoware_auto_planning_msgs/autoware_auto_planning_msgs/msg/detail/path__functions.c
-- Installing: /home/yoo/Documents/MATLAB/MPC/control/matlab_msg_gen/glnxa64/install/include/autoware_auto_planning_msgs/autoware_auto_planning_msgs/msg/detail/trajectory__type_support.c
-- Installing: /home/yoo/Documents/MATLAB/MPC/control/matlab_msg_gen/glnxa64/install/include/autoware_auto_planning_msgs/autoware_auto_planning_msgs/msg/detail/trajectory_point__functions.h
-- Installing: /home/yoo/Documents/MATLAB/MPC/control/matlab_msg_gen/glnxa64/install/include/autoware_auto_planning_msgs/autoware_auto_planning_msgs/msg/detail/path_point__type_support.c
-- Installing: /home/yoo/Documents/MATLAB/MPC/control/matlab_msg_gen/glnxa64/install/include/autoware_auto_planning_msgs/autoware_auto_planning_msgs/msg/detail/path_point_with_lane_id__functions.h
-- Installing: /home/yoo/Documents/MATLAB/MPC/control/matlab_msg_gen/glnxa64/install/include/autoware_auto_planning_msgs/autoware_auto_planning_msgs/msg/detail/path__type_support.h
-- Installing: /home/yoo/Documents/MATLAB/MPC/control/matlab_msg_gen/glnxa64/install/include/autoware_auto_planning_msgs/autoware_auto_planning_msgs/msg/detail/trajectory_point__struct.h
-- Installing: /home/yoo/Documents/MATLAB/MPC/control/matlab_msg_gen/glnxa64/install/include/autoware_auto_planning_msgs/autoware_auto_planning_msgs/msg/detail/path__type_support.c
-- Installing: /home/yoo/Documents/MATLAB/MPC/control/matlab_msg_gen/glnxa64/install/include/autoware_auto_planning_msgs/autoware_auto_planning_msgs/msg/detail/trajectory_point__description.c
-- Installing: /home/yoo/Documents/MATLAB/MPC/control/matlab_msg_gen/glnxa64/install/include/autoware_auto_planning_msgs/autoware_auto_planning_msgs/msg/detail/path_point_with_lane_id__type_support.c
-- Installing: /home/yoo/Documents/MATLAB/MPC/control/matlab_msg_gen/glnxa64/install/include/autoware_auto_planning_msgs/autoware_auto_planning_msgs/msg/detail/path_point__functions.c
-- Installing: /home/yoo/Documents/MATLAB/MPC/control/matlab_msg_gen/glnxa64/install/include/autoware_auto_planning_msgs/autoware_auto_planning_msgs/msg/detail/trajectory__type_support.h
-- Installing: /home/yoo/Documents/MATLAB/MPC/control/matlab_msg_gen/glnxa64/install/include/autoware_auto_planning_msgs/autoware_auto_planning_msgs/msg/detail/trajectory__functions.h
-- Installing: /home/yoo/Documents/MATLAB/MPC/control/matlab_msg_gen/glnxa64/install/include/autoware_auto_planning_msgs/autoware_auto_planning_msgs/msg/detail/trajectory_point__type_support.c
-- Installing: /home/yoo/Documents/MATLAB/MPC/control/matlab_msg_gen/glnxa64/install/include/autoware_auto_planning_msgs/autoware_auto_planning_msgs/msg/detail/path_point__struct.h
-- Installing: /home/yoo/Documents/MATLAB/MPC/control/matlab_msg_gen/glnxa64/install/include/autoware_auto_planning_msgs/autoware_auto_planning_msgs/msg/detail/order_movement__functions.c
-- Installing: /home/yoo/Documents/MATLAB/MPC/control/matlab_msg_gen/glnxa64/install/include/autoware_auto_planning_msgs/autoware_auto_planning_msgs/msg/detail/path_with_lane_id__functions.c
-- Installing: /home/yoo/Documents/MATLAB/MPC/control/matlab_msg_gen/glnxa64/install/include/autoware_auto_planning_msgs/autoware_auto_planning_msgs/msg/detail/trajectory_point__functions.c
-- Installing: /home/yoo/Documents/MATLAB/MPC/control/matlab_msg_gen/glnxa64/install/include/autoware_auto_planning_msgs/autoware_auto_planning_msgs/msg/detail/trajectory_point__type_support.h
-- Installing: /home/yoo/Documents/MATLAB/MPC/control/matlab_msg_gen/glnxa64/install/include/autoware_auto_planning_msgs/autoware_auto_planning_msgs/msg/detail/path_point__functions.h
-- Installing: /home/yoo/Documents/MATLAB/MPC/control/matlab_msg_gen/glnxa64/install/include/autoware_auto_planning_msgs/autoware_auto_planning_msgs/msg/detail/order_movement__functions.h
-- Installing: /home/yoo/Documents/MATLAB/MPC/control/matlab_msg_gen/glnxa64/install/include/autoware_auto_planning_msgs/autoware_auto_planning_msgs/msg/detail/path__description.c
-- Installing: /home/yoo/Documents/MATLAB/MPC/control/matlab_msg_gen/glnxa64/install/include/autoware_auto_planning_msgs/autoware_auto_planning_msgs/msg/detail/path__struct.h
-- Installing: /home/yoo/Documents/MATLAB/MPC/control/matlab_msg_gen/glnxa64/install/include/autoware_auto_planning_msgs/autoware_auto_planning_msgs/msg/detail/trajectory__struct.h
-- Installing: /home/yoo/Documents/MATLAB/MPC/control/matlab_msg_gen/glnxa64/install/include/autoware_auto_planning_msgs/autoware_auto_planning_msgs/msg/detail/trajectory__description.c
-- Installing: /home/yoo/Documents/MATLAB/MPC/control/matlab_msg_gen/glnxa64/install/include/autoware_auto_planning_msgs/autoware_auto_planning_msgs/msg/detail/path_point__type_support.h
-- Installing: /home/yoo/Documents/MATLAB/MPC/control/matlab_msg_gen/glnxa64/install/include/autoware_auto_planning_msgs/autoware_auto_planning_msgs/msg/detail/path_with_lane_id__struct.h
-- Installing: /home/yoo/Documents/MATLAB/MPC/control/matlab_msg_gen/glnxa64/install/include/autoware_auto_planning_msgs/autoware_auto_planning_msgs/msg/detail/path_with_lane_id__type_support.c
-- Installing: /home/yoo/Documents/MATLAB/MPC/control/matlab_msg_gen/glnxa64/install/include/autoware_auto_planning_msgs/autoware_auto_planning_msgs/msg/rosidl_generator_c__visibility_control.h
-- Installing: /home/yoo/Documents/MATLAB/MPC/control/matlab_msg_gen/glnxa64/install/share/autoware_auto_planning_msgs/environment/library_path.sh
-- Installing: /home/yoo/Documents/MATLAB/MPC/control/matlab_msg_gen/glnxa64/install/share/autoware_auto_planning_msgs/environment/library_path.dsv
-- Installing: /home/yoo/Documents/MATLAB/MPC/control/matlab_msg_gen/glnxa64/install/lib/libautoware_auto_planning_msgs__rosidl_generator_c.so
-- Up-to-date: /home/yoo/Documents/MATLAB/MPC/control/matlab_msg_gen/glnxa64/install/include/autoware_auto_planning_msgs/autoware_auto_planning_msgs
-- Up-to-date: /home/yoo/Documents/MATLAB/MPC/control/matlab_msg_gen/glnxa64/install/include/autoware_auto_planning_msgs/autoware_auto_planning_msgs/msg
-- Installing: /home/yoo/Documents/MATLAB/MPC/control/matlab_msg_gen/glnxa64/install/include/autoware_auto_planning_msgs/autoware_auto_planning_msgs/msg/rosidl_typesupport_fastrtps_c__visibility_control.h
-- Up-to-date: /home/yoo/Documents/MATLAB/MPC/control/matlab_msg_gen/glnxa64/install/include/autoware_auto_planning_msgs/autoware_auto_planning_msgs/msg/detail
-- Installing: /home/yoo/Documents/MATLAB/MPC/control/matlab_msg_gen/glnxa64/install/include/autoware_auto_planning_msgs/autoware_auto_planning_msgs/msg/detail/trajectory_point__rosidl_typesupport_fastrtps_c.h
-- Installing: /home/yoo/Documents/MATLAB/MPC/control/matlab_msg_gen/glnxa64/install/include/autoware_auto_planning_msgs/autoware_auto_planning_msgs/msg/detail/path_point_with_lane_id__rosidl_typesupport_fastrtps_c.h
-- Installing: /home/yoo/Documents/MATLAB/MPC/control/matlab_msg_gen/glnxa64/install/include/autoware_auto_planning_msgs/autoware_auto_planning_msgs/msg/detail/path_with_lane_id__rosidl_typesupport_fastrtps_c.h
-- Installing: /home/yoo/Documents/MATLAB/MPC/control/matlab_msg_gen/glnxa64/install/include/autoware_auto_planning_msgs/autoware_auto_planning_msgs/msg/detail/path__rosidl_typesupport_fastrtps_c.h
-- Installing: /home/yoo/Documents/MATLAB/MPC/control/matlab_msg_gen/glnxa64/install/include/autoware_auto_planning_msgs/autoware_auto_planning_msgs/msg/detail/path_point__rosidl_typesupport_fastrtps_c.h
-- Installing: /home/yoo/Documents/MATLAB/MPC/control/matlab_msg_gen/glnxa64/install/include/autoware_auto_planning_msgs/autoware_auto_planning_msgs/msg/detail/order_movement__rosidl_typesupport_fastrtps_c.h
-- Installing: /home/yoo/Documents/MATLAB/MPC/control/matlab_msg_gen/glnxa64/install/include/autoware_auto_planning_msgs/autoware_auto_planning_msgs/msg/detail/trajectory__rosidl_typesupport_fastrtps_c.h
-- Installing: /home/yoo/Documents/MATLAB/MPC/control/matlab_msg_gen/glnxa64/install/lib/libautoware_auto_planning_msgs__rosidl_typesupport_fastrtps_c.so
-- Up-to-date: /home/yoo/Documents/MATLAB/MPC/control/matlab_msg_gen/glnxa64/install/include/autoware_auto_planning_msgs/autoware_auto_planning_msgs
-- Up-to-date: /home/yoo/Documents/MATLAB/MPC/control/matlab_msg_gen/glnxa64/install/include/autoware_auto_planning_msgs/autoware_auto_planning_msgs/msg
-- Installing: /home/yoo/Documents/MATLAB/MPC/control/matlab_msg_gen/glnxa64/install/include/autoware_auto_planning_msgs/autoware_auto_planning_msgs/msg/rosidl_typesupport_introspection_c__visibility_control.h
-- Up-to-date: /home/yoo/Documents/MATLAB/MPC/control/matlab_msg_gen/glnxa64/install/include/autoware_auto_planning_msgs/autoware_auto_planning_msgs/msg/detail
-- Installing: /home/yoo/Documents/MATLAB/MPC/control/matlab_msg_gen/glnxa64/install/include/autoware_auto_planning_msgs/autoware_auto_planning_msgs/msg/detail/trajectory_point__rosidl_typesupport_introspection_c.h
-- Installing: /home/yoo/Documents/MATLAB/MPC/control/matlab_msg_gen/glnxa64/install/include/autoware_auto_planning_msgs/autoware_auto_planning_msgs/msg/detail/order_movement__type_support.c
-- Installing: /home/yoo/Documents/MATLAB/MPC/control/matlab_msg_gen/glnxa64/install/include/autoware_auto_planning_msgs/autoware_auto_planning_msgs/msg/detail/trajectory__rosidl_typesupport_introspection_c.h
-- Installing: /home/yoo/Documents/MATLAB/MPC/control/matlab_msg_gen/glnxa64/install/include/autoware_auto_planning_msgs/autoware_auto_planning_msgs/msg/detail/trajectory__type_support.c
-- Installing: /home/yoo/Documents/MATLAB/MPC/control/matlab_msg_gen/glnxa64/install/include/autoware_auto_planning_msgs/autoware_auto_planning_msgs/msg/detail/order_movement__rosidl_typesupport_introspection_c.h
-- Installing: /home/yoo/Documents/MATLAB/MPC/control/matlab_msg_gen/glnxa64/install/include/autoware_auto_planning_msgs/autoware_auto_planning_msgs/msg/detail/path_point__type_support.c
-- Installing: /home/yoo/Documents/MATLAB/MPC/control/matlab_msg_gen/glnxa64/install/include/autoware_auto_planning_msgs/autoware_auto_planning_msgs/msg/detail/path__type_support.c
-- Installing: /home/yoo/Documents/MATLAB/MPC/control/matlab_msg_gen/glnxa64/install/include/autoware_auto_planning_msgs/autoware_auto_planning_msgs/msg/detail/path_point_with_lane_id__type_support.c
-- Installing: /home/yoo/Documents/MATLAB/MPC/control/matlab_msg_gen/glnxa64/install/include/autoware_auto_planning_msgs/autoware_auto_planning_msgs/msg/detail/trajectory_point__type_support.c
-- Installing: /home/yoo/Documents/MATLAB/MPC/control/matlab_msg_gen/glnxa64/install/include/autoware_auto_planning_msgs/autoware_auto_planning_msgs/msg/detail/path_point_with_lane_id__rosidl_typesupport_introspection_c.h
-- Installing: /home/yoo/Documents/MATLAB/MPC/control/matlab_msg_gen/glnxa64/install/include/autoware_auto_planning_msgs/autoware_auto_planning_msgs/msg/detail/path_with_lane_id__rosidl_typesupport_introspection_c.h
-- Installing: /home/yoo/Documents/MATLAB/MPC/control/matlab_msg_gen/glnxa64/install/include/autoware_auto_planning_msgs/autoware_auto_planning_msgs/msg/detail/path__rosidl_typesupport_introspection_c.h
-- Installing: /home/yoo/Documents/MATLAB/MPC/control/matlab_msg_gen/glnxa64/install/include/autoware_auto_planning_msgs/autoware_auto_planning_msgs/msg/detail/path_with_lane_id__type_support.c
-- Installing: /home/yoo/Documents/MATLAB/MPC/control/matlab_msg_gen/glnxa64/install/include/autoware_auto_planning_msgs/autoware_auto_planning_msgs/msg/detail/path_point__rosidl_typesupport_introspection_c.h
-- Installing: /home/yoo/Documents/MATLAB/MPC/control/matlab_msg_gen/glnxa64/install/lib/libautoware_auto_planning_msgs__rosidl_typesupport_introspection_c.so
-- Installing: /home/yoo/Documents/MATLAB/MPC/control/matlab_msg_gen/glnxa64/install/lib/libautoware_auto_planning_msgs__rosidl_typesupport_c.so
-- Up-to-date: /home/yoo/Documents/MATLAB/MPC/control/matlab_msg_gen/glnxa64/install/include/autoware_auto_planning_msgs/autoware_auto_planning_msgs
-- Up-to-date: /home/yoo/Documents/MATLAB/MPC/control/matlab_msg_gen/glnxa64/install/include/autoware_auto_planning_msgs/autoware_auto_planning_msgs/msg
-- Installing: /home/yoo/Documents/MATLAB/MPC/control/matlab_msg_gen/glnxa64/install/include/autoware_auto_planning_msgs/autoware_auto_planning_msgs/msg/rosidl_generator_cpp__visibility_control.hpp
-- Installing: /home/yoo/Documents/MATLAB/MPC/control/matlab_msg_gen/glnxa64/install/include/autoware_auto_planning_msgs/autoware_auto_planning_msgs/msg/trajectory.hpp
-- Installing: /home/yoo/Documents/MATLAB/MPC/control/matlab_msg_gen/glnxa64/install/include/autoware_auto_planning_msgs/autoware_auto_planning_msgs/msg/path_with_lane_id.hpp
-- Installing: /home/yoo/Documents/MATLAB/MPC/control/matlab_msg_gen/glnxa64/install/include/autoware_auto_planning_msgs/autoware_auto_planning_msgs/msg/order_movement.hpp
-- Installing: /home/yoo/Documents/MATLAB/MPC/control/matlab_msg_gen/glnxa64/install/include/autoware_auto_planning_msgs/autoware_auto_planning_msgs/msg/path_point.hpp
-- Installing: /home/yoo/Documents/MATLAB/MPC/control/matlab_msg_gen/glnxa64/install/include/autoware_auto_planning_msgs/autoware_auto_planning_msgs/msg/path.hpp
-- Up-to-date: /home/yoo/Documents/MATLAB/MPC/control/matlab_msg_gen/glnxa64/install/include/autoware_auto_planning_msgs/autoware_auto_planning_msgs/msg/detail
-- Installing: /home/yoo/Documents/MATLAB/MPC/control/matlab_msg_gen/glnxa64/install/include/autoware_auto_planning_msgs/autoware_auto_planning_msgs/msg/detail/order_movement__traits.hpp
-- Installing: /home/yoo/Documents/MATLAB/MPC/control/matlab_msg_gen/glnxa64/install/include/autoware_auto_planning_msgs/autoware_auto_planning_msgs/msg/detail/order_movement__struct.hpp
-- Installing: /home/yoo/Documents/MATLAB/MPC/control/matlab_msg_gen/glnxa64/install/include/autoware_auto_planning_msgs/autoware_auto_planning_msgs/msg/detail/path__builder.hpp
-- Installing: /home/yoo/Documents/MATLAB/MPC/control/matlab_msg_gen/glnxa64/install/include/autoware_auto_planning_msgs/autoware_auto_planning_msgs/msg/detail/path_point__type_support.hpp
-- Installing: /home/yoo/Documents/MATLAB/MPC/control/matlab_msg_gen/glnxa64/install/include/autoware_auto_planning_msgs/autoware_auto_planning_msgs/msg/detail/path_with_lane_id__traits.hpp
-- Installing: /home/yoo/Documents/MATLAB/MPC/control/matlab_msg_gen/glnxa64/install/include/autoware_auto_planning_msgs/autoware_auto_planning_msgs/msg/detail/path_with_lane_id__builder.hpp
-- Installing: /home/yoo/Documents/MATLAB/MPC/control/matlab_msg_gen/glnxa64/install/include/autoware_auto_planning_msgs/autoware_auto_planning_msgs/msg/detail/path_point__traits.hpp
-- Installing: /home/yoo/Documents/MATLAB/MPC/control/matlab_msg_gen/glnxa64/install/include/autoware_auto_planning_msgs/autoware_auto_planning_msgs/msg/detail/path__traits.hpp
-- Installing: /home/yoo/Documents/MATLAB/MPC/control/matlab_msg_gen/glnxa64/install/include/autoware_auto_planning_msgs/autoware_auto_planning_msgs/msg/detail/path_point_with_lane_id__struct.hpp
-- Installing: /home/yoo/Documents/MATLAB/MPC/control/matlab_msg_gen/glnxa64/install/include/autoware_auto_planning_msgs/autoware_auto_planning_msgs/msg/detail/trajectory_point__builder.hpp
-- Installing: /home/yoo/Documents/MATLAB/MPC/control/matlab_msg_gen/glnxa64/install/include/autoware_auto_planning_msgs/autoware_auto_planning_msgs/msg/detail/path_with_lane_id__type_support.hpp
-- Installing: /home/yoo/Documents/MATLAB/MPC/control/matlab_msg_gen/glnxa64/install/include/autoware_auto_planning_msgs/autoware_auto_planning_msgs/msg/detail/path_point_with_lane_id__builder.hpp
-- Installing: /home/yoo/Documents/MATLAB/MPC/control/matlab_msg_gen/glnxa64/install/include/autoware_auto_planning_msgs/autoware_auto_planning_msgs/msg/detail/trajectory_point__struct.hpp
-- Installing: /home/yoo/Documents/MATLAB/MPC/control/matlab_msg_gen/glnxa64/install/include/autoware_auto_planning_msgs/autoware_auto_planning_msgs/msg/detail/path_point__builder.hpp
-- Installing: /home/yoo/Documents/MATLAB/MPC/control/matlab_msg_gen/glnxa64/install/include/autoware_auto_planning_msgs/autoware_auto_planning_msgs/msg/detail/trajectory__type_support.hpp
-- Installing: /home/yoo/Documents/MATLAB/MPC/control/matlab_msg_gen/glnxa64/install/include/autoware_auto_planning_msgs/autoware_auto_planning_msgs/msg/detail/order_movement__type_support.hpp
-- Installing: /home/yoo/Documents/MATLAB/MPC/control/matlab_msg_gen/glnxa64/install/include/autoware_auto_planning_msgs/autoware_auto_planning_msgs/msg/detail/order_movement__builder.hpp
-- Installing: /home/yoo/Documents/MATLAB/MPC/control/matlab_msg_gen/glnxa64/install/include/autoware_auto_planning_msgs/autoware_auto_planning_msgs/msg/detail/trajectory_point__type_support.hpp
-- Installing: /home/yoo/Documents/MATLAB/MPC/control/matlab_msg_gen/glnxa64/install/include/autoware_auto_planning_msgs/autoware_auto_planning_msgs/msg/detail/path_point_with_lane_id__traits.hpp
-- Installing: /home/yoo/Documents/MATLAB/MPC/control/matlab_msg_gen/glnxa64/install/include/autoware_auto_planning_msgs/autoware_auto_planning_msgs/msg/detail/path_point_with_lane_id__type_support.hpp
-- Installing: /home/yoo/Documents/MATLAB/MPC/control/matlab_msg_gen/glnxa64/install/include/autoware_auto_planning_msgs/autoware_auto_planning_msgs/msg/detail/path__type_support.hpp
-- Installing: /home/yoo/Documents/MATLAB/MPC/control/matlab_msg_gen/glnxa64/install/include/autoware_auto_planning_msgs/autoware_auto_planning_msgs/msg/detail/path_with_lane_id__struct.hpp
-- Installing: /home/yoo/Documents/MATLAB/MPC/control/matlab_msg_gen/glnxa64/install/include/autoware_auto_planning_msgs/autoware_auto_planning_msgs/msg/detail/trajectory_point__traits.hpp
-- Installing: /home/yoo/Documents/MATLAB/MPC/control/matlab_msg_gen/glnxa64/install/include/autoware_auto_planning_msgs/autoware_auto_planning_msgs/msg/detail/trajectory__traits.hpp
-- Installing: /home/yoo/Documents/MATLAB/MPC/control/matlab_msg_gen/glnxa64/install/include/autoware_auto_planning_msgs/autoware_auto_planning_msgs/msg/detail/path__struct.hpp
-- Installing: /home/yoo/Documents/MATLAB/MPC/control/matlab_msg_gen/glnxa64/install/include/autoware_auto_planning_msgs/autoware_auto_planning_msgs/msg/detail/trajectory__builder.hpp
-- Installing: /home/yoo/Documents/MATLAB/MPC/control/matlab_msg_gen/glnxa64/install/include/autoware_auto_planning_msgs/autoware_auto_planning_msgs/msg/detail/trajectory__struct.hpp
-- Installing: /home/yoo/Documents/MATLAB/MPC/control/matlab_msg_gen/glnxa64/install/include/autoware_auto_planning_msgs/autoware_auto_planning_msgs/msg/detail/path_point__struct.hpp
-- Installing: /home/yoo/Documents/MATLAB/MPC/control/matlab_msg_gen/glnxa64/install/include/autoware_auto_planning_msgs/autoware_auto_planning_msgs/msg/path_point_with_lane_id.hpp
-- Installing: /home/yoo/Documents/MATLAB/MPC/control/matlab_msg_gen/glnxa64/install/include/autoware_auto_planning_msgs/autoware_auto_planning_msgs/msg/trajectory_point.hpp
-- Up-to-date: /home/yoo/Documents/MATLAB/MPC/control/matlab_msg_gen/glnxa64/install/include/autoware_auto_planning_msgs/autoware_auto_planning_msgs
-- Up-to-date: /home/yoo/Documents/MATLAB/MPC/control/matlab_msg_gen/glnxa64/install/include/autoware_auto_planning_msgs/autoware_auto_planning_msgs/msg
-- Up-to-date: /home/yoo/Documents/MATLAB/MPC/control/matlab_msg_gen/glnxa64/install/include/autoware_auto_planning_msgs/autoware_auto_planning_msgs/msg/detail
-- Installing: /home/yoo/Documents/MATLAB/MPC/control/matlab_msg_gen/glnxa64/install/include/autoware_auto_planning_msgs/autoware_auto_planning_msgs/msg/detail/path_with_lane_id__rosidl_typesupport_fastrtps_cpp.hpp
-- Installing: /home/yoo/Documents/MATLAB/MPC/control/matlab_msg_gen/glnxa64/install/include/autoware_auto_planning_msgs/autoware_auto_planning_msgs/msg/detail/trajectory_point__rosidl_typesupport_fastrtps_cpp.hpp
-- Installing: /home/yoo/Documents/MATLAB/MPC/control/matlab_msg_gen/glnxa64/install/include/autoware_auto_planning_msgs/autoware_auto_planning_msgs/msg/detail/path__rosidl_typesupport_fastrtps_cpp.hpp
-- Installing: /home/yoo/Documents/MATLAB/MPC/control/matlab_msg_gen/glnxa64/install/include/autoware_auto_planning_msgs/autoware_auto_planning_msgs/msg/detail/dds_fastrtps
-- Installing: /home/yoo/Documents/MATLAB/MPC/control/matlab_msg_gen/glnxa64/install/include/autoware_auto_planning_msgs/autoware_auto_planning_msgs/msg/detail/trajectory__rosidl_typesupport_fastrtps_cpp.hpp
-- Installing: /home/yoo/Documents/MATLAB/MPC/control/matlab_msg_gen/glnxa64/install/include/autoware_auto_planning_msgs/autoware_auto_planning_msgs/msg/detail/order_movement__rosidl_typesupport_fastrtps_cpp.hpp
-- Installing: /home/yoo/Documents/MATLAB/MPC/control/matlab_msg_gen/glnxa64/install/include/autoware_auto_planning_msgs/autoware_auto_planning_msgs/msg/detail/path_point__rosidl_typesupport_fastrtps_cpp.hpp
-- Installing: /home/yoo/Documents/MATLAB/MPC/control/matlab_msg_gen/glnxa64/install/include/autoware_auto_planning_msgs/autoware_auto_planning_msgs/msg/detail/path_point_with_lane_id__rosidl_typesupport_fastrtps_cpp.hpp
-- Installing: /home/yoo/Documents/MATLAB/MPC/control/matlab_msg_gen/glnxa64/install/include/autoware_auto_planning_msgs/autoware_auto_planning_msgs/msg/rosidl_typesupport_fastrtps_cpp__visibility_control.h
-- Installing: /home/yoo/Documents/MATLAB/MPC/control/matlab_msg_gen/glnxa64/install/lib/libautoware_auto_planning_msgs__rosidl_typesupport_fastrtps_cpp.so
-- Up-to-date: /home/yoo/Documents/MATLAB/MPC/control/matlab_msg_gen/glnxa64/install/include/autoware_auto_planning_msgs/autoware_auto_planning_msgs
-- Up-to-date: /home/yoo/Documents/MATLAB/MPC/control/matlab_msg_gen/glnxa64/install/include/autoware_auto_planning_msgs/autoware_auto_planning_msgs/msg
-- Up-to-date: /home/yoo/Documents/MATLAB/MPC/control/matlab_msg_gen/glnxa64/install/include/autoware_auto_planning_msgs/autoware_auto_planning_msgs/msg/detail
-- Installing: /home/yoo/Documents/MATLAB/MPC/control/matlab_msg_gen/glnxa64/install/include/autoware_auto_planning_msgs/autoware_auto_planning_msgs/msg/detail/order_movement__type_support.cpp
-- Installing: /home/yoo/Documents/MATLAB/MPC/control/matlab_msg_gen/glnxa64/install/include/autoware_auto_planning_msgs/autoware_auto_planning_msgs/msg/detail/path_with_lane_id__type_support.cpp
-- Installing: /home/yoo/Documents/MATLAB/MPC/control/matlab_msg_gen/glnxa64/install/include/autoware_auto_planning_msgs/autoware_auto_planning_msgs/msg/detail/path__rosidl_typesupport_introspection_cpp.hpp
-- Installing: /home/yoo/Documents/MATLAB/MPC/control/matlab_msg_gen/glnxa64/install/include/autoware_auto_planning_msgs/autoware_auto_planning_msgs/msg/detail/trajectory_point__rosidl_typesupport_introspection_cpp.hpp
-- Installing: /home/yoo/Documents/MATLAB/MPC/control/matlab_msg_gen/glnxa64/install/include/autoware_auto_planning_msgs/autoware_auto_planning_msgs/msg/detail/path_point_with_lane_id__type_support.cpp
-- Installing: /home/yoo/Documents/MATLAB/MPC/control/matlab_msg_gen/glnxa64/install/include/autoware_auto_planning_msgs/autoware_auto_planning_msgs/msg/detail/path__type_support.cpp
-- Installing: /home/yoo/Documents/MATLAB/MPC/control/matlab_msg_gen/glnxa64/install/include/autoware_auto_planning_msgs/autoware_auto_planning_msgs/msg/detail/path_point__rosidl_typesupport_introspection_cpp.hpp
-- Installing: /home/yoo/Documents/MATLAB/MPC/control/matlab_msg_gen/glnxa64/install/include/autoware_auto_planning_msgs/autoware_auto_planning_msgs/msg/detail/path_point_with_lane_id__rosidl_typesupport_introspection_cpp.hpp
-- Installing: /home/yoo/Documents/MATLAB/MPC/control/matlab_msg_gen/glnxa64/install/include/autoware_auto_planning_msgs/autoware_auto_planning_msgs/msg/detail/path_point__type_support.cpp
-- Installing: /home/yoo/Documents/MATLAB/MPC/control/matlab_msg_gen/glnxa64/install/include/autoware_auto_planning_msgs/autoware_auto_planning_msgs/msg/detail/trajectory__rosidl_typesupport_introspection_cpp.hpp
-- Installing: /home/yoo/Documents/MATLAB/MPC/control/matlab_msg_gen/glnxa64/install/include/autoware_auto_planning_msgs/autoware_auto_planning_msgs/msg/detail/trajectory__type_support.cpp
-- Installing: /home/yoo/Documents/MATLAB/MPC/control/matlab_msg_gen/glnxa64/install/include/autoware_auto_planning_msgs/autoware_auto_planning_msgs/msg/detail/path_with_lane_id__rosidl_typesupport_introspection_cpp.hpp
-- Installing: /home/yoo/Documents/MATLAB/MPC/control/matlab_msg_gen/glnxa64/install/include/autoware_auto_planning_msgs/autoware_auto_planning_msgs/msg/detail/order_movement__rosidl_typesupport_introspection_cpp.hpp
-- Installing: /home/yoo/Documents/MATLAB/MPC/control/matlab_msg_gen/glnxa64/install/include/autoware_auto_planning_msgs/autoware_auto_planning_msgs/msg/detail/trajectory_point__type_support.cpp
-- Installing: /home/yoo/Documents/MATLAB/MPC/control/matlab_msg_gen/glnxa64/install/lib/libautoware_auto_planning_msgs__rosidl_typesupport_introspection_cpp.so
-- Installing: /home/yoo/Documents/MATLAB/MPC/control/matlab_msg_gen/glnxa64/install/lib/libautoware_auto_planning_msgs__rosidl_typesupport_cpp.so
-- Installing: /home/yoo/Documents/MATLAB/MPC/control/matlab_msg_gen/glnxa64/install/share/autoware_auto_planning_msgs/msg/OrderMovement.idl
-- Installing: /home/yoo/Documents/MATLAB/MPC/control/matlab_msg_gen/glnxa64/install/share/autoware_auto_planning_msgs/msg/Path.idl
-- Installing: /home/yoo/Documents/MATLAB/MPC/control/matlab_msg_gen/glnxa64/install/share/autoware_auto_planning_msgs/msg/PathPoint.idl
-- Installing: /home/yoo/Documents/MATLAB/MPC/control/matlab_msg_gen/glnxa64/install/share/autoware_auto_planning_msgs/msg/PathPointWithLaneId.idl
-- Installing: /home/yoo/Documents/MATLAB/MPC/control/matlab_msg_gen/glnxa64/install/share/autoware_auto_planning_msgs/msg/PathWithLaneId.idl
-- Installing: /home/yoo/Documents/MATLAB/MPC/control/matlab_msg_gen/glnxa64/install/share/autoware_auto_planning_msgs/msg/Trajectory.idl
-- Installing: /home/yoo/Documents/MATLAB/MPC/control/matlab_msg_gen/glnxa64/install/share/autoware_auto_planning_msgs/msg/TrajectoryPoint.idl
-- Installing: /home/yoo/Documents/MATLAB/MPC/control/matlab_msg_gen/glnxa64/install/share/autoware_auto_planning_msgs/msg/OrderMovement.msg
-- Installing: /home/yoo/Documents/MATLAB/MPC/control/matlab_msg_gen/glnxa64/install/share/autoware_auto_planning_msgs/msg/Path.msg
-- Installing: /home/yoo/Documents/MATLAB/MPC/control/matlab_msg_gen/glnxa64/install/share/autoware_auto_planning_msgs/msg/PathPoint.msg
-- Installing: /home/yoo/Documents/MATLAB/MPC/control/matlab_msg_gen/glnxa64/install/share/autoware_auto_planning_msgs/msg/PathPointWithLaneId.msg
-- Installing: /home/yoo/Documents/MATLAB/MPC/control/matlab_msg_gen/glnxa64/install/share/autoware_auto_planning_msgs/msg/PathWithLaneId.msg
-- Installing: /home/yoo/Documents/MATLAB/MPC/control/matlab_msg_gen/glnxa64/install/share/autoware_auto_planning_msgs/msg/Trajectory.msg
-- Installing: /home/yoo/Documents/MATLAB/MPC/control/matlab_msg_gen/glnxa64/install/share/autoware_auto_planning_msgs/msg/TrajectoryPoint.msg
-- Up-to-date: /home/yoo/Documents/MATLAB/MPC/control/matlab_msg_gen/glnxa64/install/include
-- Up-to-date: /home/yoo/Documents/MATLAB/MPC/control/matlab_msg_gen/glnxa64/install/include/autoware_auto_planning_msgs
-- Installing: /home/yoo/Documents/MATLAB/MPC/control/matlab_msg_gen/glnxa64/install/include/autoware_auto_planning_msgs/visibility_control.h
-- Installing: /home/yoo/Documents/MATLAB/MPC/control/matlab_msg_gen/glnxa64/install/lib/libautoware_auto_planning_msgs_matlab.so
-- Installing: /home/yoo/Documents/MATLAB/MPC/control/matlab_msg_gen/glnxa64/install/m/
-- Installing: /home/yoo/Documents/MATLAB/MPC/control/matlab_msg_gen/glnxa64/install/m//+ros
-- Installing: /home/yoo/Documents/MATLAB/MPC/control/matlab_msg_gen/glnxa64/install/m//+ros/+internal
-- Installing: /home/yoo/Documents/MATLAB/MPC/control/matlab_msg_gen/glnxa64/install/m//+ros/+internal/+ros2
-- Installing: /home/yoo/Documents/MATLAB/MPC/control/matlab_msg_gen/glnxa64/install/m//+ros/+internal/+ros2/+custommessages
-- Installing: /home/yoo/Documents/MATLAB/MPC/control/matlab_msg_gen/glnxa64/install/m//+ros/+internal/+ros2/+custommessages/+autoware_auto_planning_msgs
-- Installing: /home/yoo/Documents/MATLAB/MPC/control/matlab_msg_gen/glnxa64/install/m//+ros/+internal/+ros2/+custommessages/+autoware_auto_planning_msgs/trajectoryPoint.m
-- Installing: /home/yoo/Documents/MATLAB/MPC/control/matlab_msg_gen/glnxa64/install/m//+ros/+internal/+ros2/+custommessages/+autoware_auto_planning_msgs/pathPointWithLaneId.m
-- Installing: /home/yoo/Documents/MATLAB/MPC/control/matlab_msg_gen/glnxa64/install/m//+ros/+internal/+ros2/+custommessages/+autoware_auto_planning_msgs/pathPoint.m
-- Installing: /home/yoo/Documents/MATLAB/MPC/control/matlab_msg_gen/glnxa64/install/m//+ros/+internal/+ros2/+custommessages/+autoware_auto_planning_msgs/path.m
-- Installing: /home/yoo/Documents/MATLAB/MPC/control/matlab_msg_gen/glnxa64/install/m//+ros/+internal/+ros2/+custommessages/+autoware_auto_planning_msgs/trajectory.m
-- Installing: /home/yoo/Documents/MATLAB/MPC/control/matlab_msg_gen/glnxa64/install/m//+ros/+internal/+ros2/+custommessages/+autoware_auto_planning_msgs/pathWithLaneId.m
-- Installing: /home/yoo/Documents/MATLAB/MPC/control/matlab_msg_gen/glnxa64/install/m//+ros/+internal/+ros2/+custommessages/+autoware_auto_planning_msgs/orderMovement.m
-- Installing: /home/yoo/Documents/MATLAB/MPC/control/matlab_msg_gen/glnxa64/install/share/ament_index/resource_index/package_run_dependencies/autoware_auto_planning_msgs
-- Installing: /home/yoo/Documents/MATLAB/MPC/control/matlab_msg_gen/glnxa64/install/share/ament_index/resource_index/parent_prefix_path/autoware_auto_planning_msgs
-- Installing: /home/yoo/Documents/MATLAB/MPC/control/matlab_msg_gen/glnxa64/install/share/autoware_auto_planning_msgs/environment/ament_prefix_path.sh
-- Installing: /home/yoo/Documents/MATLAB/MPC/control/matlab_msg_gen/glnxa64/install/share/autoware_auto_planning_msgs/environment/ament_prefix_path.dsv
-- Installing: /home/yoo/Documents/MATLAB/MPC/control/matlab_msg_gen/glnxa64/install/share/autoware_auto_planning_msgs/environment/path.sh
-- Installing: /home/yoo/Documents/MATLAB/MPC/control/matlab_msg_gen/glnxa64/install/share/autoware_auto_planning_msgs/environment/path.dsv
-- Installing: /home/yoo/Documents/MATLAB/MPC/control/matlab_msg_gen/glnxa64/install/share/autoware_auto_planning_msgs/local_setup.bash
-- Installing: /home/yoo/Documents/MATLAB/MPC/control/matlab_msg_gen/glnxa64/install/share/autoware_auto_planning_msgs/local_setup.sh
-- Installing: /home/yoo/Documents/MATLAB/MPC/control/matlab_msg_gen/glnxa64/install/share/autoware_auto_planning_msgs/local_setup.zsh
-- Installing: /home/yoo/Documents/MATLAB/MPC/control/matlab_msg_gen/glnxa64/install/share/autoware_auto_planning_msgs/local_setup.dsv
-- Installing: /home/yoo/Documents/MATLAB/MPC/control/matlab_msg_gen/glnxa64/install/share/autoware_auto_planning_msgs/package.dsv
-- Installing: /home/yoo/Documents/MATLAB/MPC/control/matlab_msg_gen/glnxa64/install/share/ament_index/resource_index/packages/autoware_auto_planning_msgs
-- Installing: /home/yoo/Documents/MATLAB/MPC/control/matlab_msg_gen/glnxa64/install/share/autoware_auto_planning_msgs/cmake/export_autoware_auto_planning_msgs__rosidl_generator_cExport.cmake
-- Installing: /home/yoo/Documents/MATLAB/MPC/control/matlab_msg_gen/glnxa64/install/share/autoware_auto_planning_msgs/cmake/export_autoware_auto_planning_msgs__rosidl_generator_cExport-release.cmake
-- Installing: /home/yoo/Documents/MATLAB/MPC/control/matlab_msg_gen/glnxa64/install/share/autoware_auto_planning_msgs/cmake/export_autoware_auto_planning_msgs__rosidl_typesupport_fastrtps_cExport.cmake
-- Installing: /home/yoo/Documents/MATLAB/MPC/control/matlab_msg_gen/glnxa64/install/share/autoware_auto_planning_msgs/cmake/export_autoware_auto_planning_msgs__rosidl_typesupport_fastrtps_cExport-release.cmake
-- Installing: /home/yoo/Documents/MATLAB/MPC/control/matlab_msg_gen/glnxa64/install/share/autoware_auto_planning_msgs/cmake/autoware_auto_planning_msgs__rosidl_typesupport_introspection_cExport.cmake
-- Installing: /home/yoo/Documents/MATLAB/MPC/control/matlab_msg_gen/glnxa64/install/share/autoware_auto_planning_msgs/cmake/autoware_auto_planning_msgs__rosidl_typesupport_introspection_cExport-release.cmake
-- Installing: /home/yoo/Documents/MATLAB/MPC/control/matlab_msg_gen/glnxa64/install/share/autoware_auto_planning_msgs/cmake/autoware_auto_planning_msgs__rosidl_typesupport_cExport.cmake
-- Installing: /home/yoo/Documents/MATLAB/MPC/control/matlab_msg_gen/glnxa64/install/share/autoware_auto_planning_msgs/cmake/autoware_auto_planning_msgs__rosidl_typesupport_cExport-release.cmake
-- Installing: /home/yoo/Documents/MATLAB/MPC/control/matlab_msg_gen/glnxa64/install/share/autoware_auto_planning_msgs/cmake/export_autoware_auto_planning_msgs__rosidl_generator_cppExport.cmake
-- Installing: /home/yoo/Documents/MATLAB/MPC/control/matlab_msg_gen/glnxa64/install/share/autoware_auto_planning_msgs/cmake/export_autoware_auto_planning_msgs__rosidl_typesupport_fastrtps_cppExport.cmake
-- Installing: /home/yoo/Documents/MATLAB/MPC/control/matlab_msg_gen/glnxa64/install/share/autoware_auto_planning_msgs/cmake/export_autoware_auto_planning_msgs__rosidl_typesupport_fastrtps_cppExport-release.cmake
-- Installing: /home/yoo/Documents/MATLAB/MPC/control/matlab_msg_gen/glnxa64/install/share/autoware_auto_planning_msgs/cmake/autoware_auto_planning_msgs__rosidl_typesupport_introspection_cppExport.cmake
-- Installing: /home/yoo/Documents/MATLAB/MPC/control/matlab_msg_gen/glnxa64/install/share/autoware_auto_planning_msgs/cmake/autoware_auto_planning_msgs__rosidl_typesupport_introspection_cppExport-release.cmake
-- Installing: /home/yoo/Documents/MATLAB/MPC/control/matlab_msg_gen/glnxa64/install/share/autoware_auto_planning_msgs/cmake/autoware_auto_planning_msgs__rosidl_typesupport_cppExport.cmake
-- Installing: /home/yoo/Documents/MATLAB/MPC/control/matlab_msg_gen/glnxa64/install/share/autoware_auto_planning_msgs/cmake/autoware_auto_planning_msgs__rosidl_typesupport_cppExport-release.cmake
-- Installing: /home/yoo/Documents/MATLAB/MPC/control/matlab_msg_gen/glnxa64/install/share/autoware_auto_planning_msgs/cmake/rosidl_cmake-extras.cmake
-- Installing: /home/yoo/Documents/MATLAB/MPC/control/matlab_msg_gen/glnxa64/install/share/autoware_auto_planning_msgs/cmake/ament_cmake_export_dependencies-extras.cmake
-- Installing: /home/yoo/Documents/MATLAB/MPC/control/matlab_msg_gen/glnxa64/install/share/autoware_auto_planning_msgs/cmake/ament_cmake_export_include_directories-extras.cmake
-- Installing: /home/yoo/Documents/MATLAB/MPC/control/matlab_msg_gen/glnxa64/install/share/autoware_auto_planning_msgs/cmake/ament_cmake_export_libraries-extras.cmake
-- Installing: /home/yoo/Documents/MATLAB/MPC/control/matlab_msg_gen/glnxa64/install/share/autoware_auto_planning_msgs/cmake/ament_cmake_export_targets-extras.cmake
-- Installing: /home/yoo/Documents/MATLAB/MPC/control/matlab_msg_gen/glnxa64/install/share/autoware_auto_planning_msgs/cmake/rosidl_cmake_export_typesupport_targets-extras.cmake
-- Installing: /home/yoo/Documents/MATLAB/MPC/control/matlab_msg_gen/glnxa64/install/share/autoware_auto_planning_msgs/cmake/rosidl_cmake_export_typesupport_libraries-extras.cmake
-- Installing: /home/yoo/Documents/MATLAB/MPC/control/matlab_msg_gen/glnxa64/install/share/autoware_auto_planning_msgs/cmake/autoware_auto_planning_msgsConfig.cmake
-- Installing: /home/yoo/Documents/MATLAB/MPC/control/matlab_msg_gen/glnxa64/install/share/autoware_auto_planning_msgs/cmake/autoware_auto_planning_msgsConfig-version.cmake
-- Installing: /home/yoo/Documents/MATLAB/MPC/control/matlab_msg_gen/glnxa64/install/share/autoware_auto_planning_msgs/package.xml
