[0.022s] Invoking command in '/home/yoo/Documents/MATLAB/MPC/control/matlab_msg_gen/glnxa64/build/autoware_auto_planning_msgs': PS1=(venv) VIRTUAL_ENV_PROMPT=(venv) /usr/local/MATLAB/R2025b/bin/glnxa64/cmake/bin/cmake /home/yoo/Documents/MATLAB/MPC/control/matlab_msg_gen/glnxa64/src/autoware_auto_planning_msgs -DCMAKE_BUILD_TYPE=Release -DCMAKE_SHARED_LINKER_FLAGS=-Wl,-no-as-needed -DBUILD_TESTING=OFF -DALIAS_ROS2_TF2=1 -DCMAKE_CXX_FLAGS_RELEASE=-O0 -G Ninja -DCMAKE_C_COMPILER=/usr/bin/gcc -DCMAKE_CXX_COMPILER=/usr/bin/g++ -DCMAKE_INSTALL_PREFIX=/home/yoo/Documents/MATLAB/MPC/control/matlab_msg_gen/glnxa64/install
[0.119s] -- The C compiler identification is GNU 11.4.0
[0.213s] -- The CXX compiler identification is GNU 11.4.0
[0.226s] -- Detecting C compiler ABI info
[0.280s] -- Detecting C compiler ABI info - done
[0.290s] -- Check for working C compiler: /usr/bin/gcc - skipped
[0.290s] -- Detecting C compile features
[0.291s] -- Detecting C compile features - done
[0.295s] -- Detecting CXX compiler ABI info
[0.354s] -- Detecting CXX compiler ABI info - done
[0.363s] -- Check for working CXX compiler: /usr/bin/g++ - skipped
[0.364s] -- Detecting CXX compile features
[0.364s] -- Detecting CXX compile features - done
[0.365s] -- Building for ROS 2 Jazzy
[0.372s] -- Found ament_cmake: 2.5.2 (/usr/local/MATLAB/R2025b/sys/ros2/glnxa64/ros2/share/ament_cmake/cmake)
[0.576s] -- Found Python3: /home/yoo/.matlab/R2025b/ros2/glnxa64/venv/bin/python3 (found version "3.10.12") found components: Interpreter 
[0.649s] -- Found ament_cmake_ros: 0.12.0 (/usr/local/MATLAB/R2025b/sys/ros2/glnxa64/ros2/share/ament_cmake_ros/cmake)
[0.657s] -- Found rosidl_typesupport_c: 3.2.2 (/usr/local/MATLAB/R2025b/sys/ros2/glnxa64/ros2/share/rosidl_typesupport_c/cmake)
[0.658s] -- Using all available rosidl_typesupport_c: rosidl_typesupport_fastrtps_c;rosidl_typesupport_introspection_c
[0.705s] -- Found rosidl_typesupport_cpp: 3.2.2 (/usr/local/MATLAB/R2025b/sys/ros2/glnxa64/ros2/share/rosidl_typesupport_cpp/cmake)
[0.706s] -- Using all available rosidl_typesupport_cpp: rosidl_typesupport_fastrtps_cpp;rosidl_typesupport_introspection_cpp
[0.738s] -- Found rosidl_default_generators: 1.6.0 (/usr/local/MATLAB/R2025b/sys/ros2/glnxa64/ros2/share/rosidl_default_generators/cmake)
[0.745s] -- Found rosidl_adapter: 4.8.1 (/usr/local/MATLAB/R2025b/sys/ros2/glnxa64/ros2/share/rosidl_adapter/cmake)
[0.748s] -- Found builtin_interfaces: 2.0.2 (/usr/local/MATLAB/R2025b/sys/ros2/glnxa64/ros2/share/builtin_interfaces/cmake)
[0.761s] -- Found class_loader: 2.7.0 (/usr/local/MATLAB/R2025b/sys/ros2/glnxa64/ros2/share/class_loader/cmake)
[0.765s] -- Found geometry_msgs: 5.3.5 (/usr/local/MATLAB/R2025b/sys/ros2/glnxa64/ros2/share/geometry_msgs/cmake)
[0.793s] -- Found rclcpp: 28.1.3 (/usr/local/MATLAB/R2025b/sys/ros2/glnxa64/ros2/share/rclcpp/cmake)
[0.844s] -- Found rmw_implementation_cmake: 7.3.1 (/usr/local/MATLAB/R2025b/sys/ros2/glnxa64/ros2/share/rmw_implementation_cmake/cmake)
[0.847s] -- Found rmw_fastrtps_cpp: 9.0.0 (/usr/local/MATLAB/R2025b/sys/ros2/glnxa64/ros2/share/rmw_fastrtps_cpp/cmake)
[0.878s] -- Found FastRTPS: /usr/local/MATLAB/R2025b/sys/ros2/glnxa64/ros2/include (Required is at least version "2.13") 
[0.885s] -- Using RMW implementation 'rmw_fastrtps_cpp' as default
[1.337s] -- Using all available rosidl_typesupport_c: rosidl_typesupport_fastrtps_c;rosidl_typesupport_introspection_c
[1.552s] -- Using all available rosidl_typesupport_cpp: rosidl_typesupport_fastrtps_cpp;rosidl_typesupport_introspection_cpp
[1.562s] -- Configuring done
[1.591s] -- Generating done
[1.604s] -- Build files have been written to: /home/yoo/Documents/MATLAB/MPC/control/matlab_msg_gen/glnxa64/build/autoware_auto_planning_msgs
[1.612s] Invoked command in '/home/yoo/Documents/MATLAB/MPC/control/matlab_msg_gen/glnxa64/build/autoware_auto_planning_msgs' returned '0': PS1=(venv) VIRTUAL_ENV_PROMPT=(venv) /usr/local/MATLAB/R2025b/bin/glnxa64/cmake/bin/cmake /home/yoo/Documents/MATLAB/MPC/control/matlab_msg_gen/glnxa64/src/autoware_auto_planning_msgs -DCMAKE_BUILD_TYPE=Release -DCMAKE_SHARED_LINKER_FLAGS=-Wl,-no-as-needed -DBUILD_TESTING=OFF -DALIAS_ROS2_TF2=1 -DCMAKE_CXX_FLAGS_RELEASE=-O0 -G Ninja -DCMAKE_C_COMPILER=/usr/bin/gcc -DCMAKE_CXX_COMPILER=/usr/bin/g++ -DCMAKE_INSTALL_PREFIX=/home/yoo/Documents/MATLAB/MPC/control/matlab_msg_gen/glnxa64/install
[1.614s] Invoking command in '/home/yoo/Documents/MATLAB/MPC/control/matlab_msg_gen/glnxa64/build/autoware_auto_planning_msgs': PS1=(venv) VIRTUAL_ENV_PROMPT=(venv) /usr/local/MATLAB/R2025b/bin/glnxa64/cmake/bin/cmake --build /home/yoo/Documents/MATLAB/MPC/control/matlab_msg_gen/glnxa64/build/autoware_auto_planning_msgs -- -j16 -l16
[1.844s] [1/87] Generating type hashes for ROS interfaces
[2.211s] [2/87] Generating C++ code for ROS interfaces
[2.306s] [3/87] Generating C code for ROS interfaces
[2.346s] [4/87] Building C object CMakeFiles/autoware_auto_planning_msgs__rosidl_generator_c.dir/rosidl_generator_c/autoware_auto_planning_msgs/msg/detail/order_movement__type_support.c.o
[2.346s] [5/87] Building C object CMakeFiles/autoware_auto_planning_msgs__rosidl_generator_c.dir/rosidl_generator_c/autoware_auto_planning_msgs/msg/detail/path_point__type_support.c.o
[2.346s] [6/87] Building C object CMakeFiles/autoware_auto_planning_msgs__rosidl_generator_c.dir/rosidl_generator_c/autoware_auto_planning_msgs/msg/detail/path__type_support.c.o
[2.347s] [7/87] Building C object CMakeFiles/autoware_auto_planning_msgs__rosidl_generator_c.dir/rosidl_generator_c/autoware_auto_planning_msgs/msg/detail/path_point_with_lane_id__type_support.c.o
[2.348s] [8/87] Building C object CMakeFiles/autoware_auto_planning_msgs__rosidl_generator_c.dir/rosidl_generator_c/autoware_auto_planning_msgs/msg/detail/path_with_lane_id__type_support.c.o
[2.369s] [9/87] Building C object CMakeFiles/autoware_auto_planning_msgs__rosidl_generator_c.dir/rosidl_generator_c/autoware_auto_planning_msgs/msg/detail/order_movement__description.c.o
[2.369s] [10/87] Building C object CMakeFiles/autoware_auto_planning_msgs__rosidl_generator_c.dir/rosidl_generator_c/autoware_auto_planning_msgs/msg/detail/path_point__description.c.o
[2.369s] [11/87] Building C object CMakeFiles/autoware_auto_planning_msgs__rosidl_generator_c.dir/rosidl_generator_c/autoware_auto_planning_msgs/msg/detail/path__description.c.o
[2.369s] [12/87] Building C object CMakeFiles/autoware_auto_planning_msgs__rosidl_generator_c.dir/rosidl_generator_c/autoware_auto_planning_msgs/msg/detail/trajectory__description.c.o
[2.369s] [13/87] Building C object CMakeFiles/autoware_auto_planning_msgs__rosidl_generator_c.dir/rosidl_generator_c/autoware_auto_planning_msgs/msg/detail/path_point_with_lane_id__description.c.o
[2.369s] [14/87] Building C object CMakeFiles/autoware_auto_planning_msgs__rosidl_generator_c.dir/rosidl_generator_c/autoware_auto_planning_msgs/msg/detail/path_with_lane_id__description.c.o
[2.375s] [15/87] Building C object CMakeFiles/autoware_auto_planning_msgs__rosidl_generator_c.dir/rosidl_generator_c/autoware_auto_planning_msgs/msg/detail/trajectory_point__type_support.c.o
[2.378s] [16/87] Building C object CMakeFiles/autoware_auto_planning_msgs__rosidl_generator_c.dir/rosidl_generator_c/autoware_auto_planning_msgs/msg/detail/trajectory__type_support.c.o
[2.383s] [17/87] Building C object CMakeFiles/autoware_auto_planning_msgs__rosidl_generator_c.dir/rosidl_generator_c/autoware_auto_planning_msgs/msg/detail/trajectory_point__description.c.o
[2.390s] [18/87] Building C object CMakeFiles/autoware_auto_planning_msgs__rosidl_generator_c.dir/rosidl_generator_c/autoware_auto_planning_msgs/msg/detail/path_with_lane_id__functions.c.o
[2.390s] [19/87] Building C object CMakeFiles/autoware_auto_planning_msgs__rosidl_generator_c.dir/rosidl_generator_c/autoware_auto_planning_msgs/msg/detail/path_point_with_lane_id__functions.c.o
[2.391s] [20/87] Building C object CMakeFiles/autoware_auto_planning_msgs__rosidl_generator_c.dir/rosidl_generator_c/autoware_auto_planning_msgs/msg/detail/order_movement__functions.c.o
[2.397s] [21/87] Building C object CMakeFiles/autoware_auto_planning_msgs__rosidl_generator_c.dir/rosidl_generator_c/autoware_auto_planning_msgs/msg/detail/path__functions.c.o
[2.398s] [22/87] Building C object CMakeFiles/autoware_auto_planning_msgs__rosidl_generator_c.dir/rosidl_generator_c/autoware_auto_planning_msgs/msg/detail/path_point__functions.c.o
[2.407s] [23/87] Building C object CMakeFiles/autoware_auto_planning_msgs__rosidl_generator_c.dir/rosidl_generator_c/autoware_auto_planning_msgs/msg/detail/trajectory__functions.c.o
[2.411s] [24/87] Building C object CMakeFiles/autoware_auto_planning_msgs__rosidl_generator_c.dir/rosidl_generator_c/autoware_auto_planning_msgs/msg/detail/trajectory_point__functions.c.o
[2.431s] [25/87] Linking C shared library libautoware_auto_planning_msgs__rosidl_generator_c.so
[2.698s] [26/87] Generating C type support dispatch for ROS interfaces
[2.707s] [27/87] Generating C++ type support dispatch for ROS interfaces
[2.746s] [28/87] Building CXX object CMakeFiles/autoware_auto_planning_msgs__rosidl_typesupport_c.dir/rosidl_typesupport_c/autoware_auto_planning_msgs/msg/path__type_support.cpp.o
[2.746s] [29/87] Building CXX object CMakeFiles/autoware_auto_planning_msgs__rosidl_typesupport_c.dir/rosidl_typesupport_c/autoware_auto_planning_msgs/msg/order_movement__type_support.cpp.o
[2.747s] [30/87] Building CXX object CMakeFiles/autoware_auto_planning_msgs__rosidl_typesupport_c.dir/rosidl_typesupport_c/autoware_auto_planning_msgs/msg/path_point__type_support.cpp.o
[2.747s] [31/87] Building CXX object CMakeFiles/autoware_auto_planning_msgs__rosidl_typesupport_c.dir/rosidl_typesupport_c/autoware_auto_planning_msgs/msg/path_point_with_lane_id__type_support.cpp.o
[2.747s] [32/87] Building CXX object CMakeFiles/autoware_auto_planning_msgs__rosidl_typesupport_c.dir/rosidl_typesupport_c/autoware_auto_planning_msgs/msg/path_with_lane_id__type_support.cpp.o
[2.748s] [33/87] Building CXX object CMakeFiles/autoware_auto_planning_msgs__rosidl_typesupport_c.dir/rosidl_typesupport_c/autoware_auto_planning_msgs/msg/trajectory__type_support.cpp.o
[2.749s] [34/87] Building CXX object CMakeFiles/autoware_auto_planning_msgs__rosidl_typesupport_c.dir/rosidl_typesupport_c/autoware_auto_planning_msgs/msg/trajectory_point__type_support.cpp.o
[2.749s] [35/87] Generating C++ introspection for ROS interfaces
[2.765s] [36/87] Generating C introspection for ROS interfaces
[2.801s] [37/87] Linking CXX shared library libautoware_auto_planning_msgs__rosidl_typesupport_c.so
[2.808s] [38/87] Building C object CMakeFiles/autoware_auto_planning_msgs__rosidl_typesupport_introspection_c.dir/rosidl_typesupport_introspection_c/autoware_auto_planning_msgs/msg/detail/order_movement__type_support.c.o
[2.869s] [39/87] Building C object CMakeFiles/autoware_auto_planning_msgs__rosidl_typesupport_introspection_c.dir/rosidl_typesupport_introspection_c/autoware_auto_planning_msgs/msg/detail/path__type_support.c.o
[2.875s] [40/87] Building C object CMakeFiles/autoware_auto_planning_msgs__rosidl_typesupport_introspection_c.dir/rosidl_typesupport_introspection_c/autoware_auto_planning_msgs/msg/detail/path_with_lane_id__type_support.c.o
[2.899s] [41/87] Generating C++ type support for eProsima Fast-RTPS
[2.929s] [42/87] Building C object CMakeFiles/autoware_auto_planning_msgs__rosidl_typesupport_introspection_c.dir/rosidl_typesupport_introspection_c/autoware_auto_planning_msgs/msg/detail/path_point_with_lane_id__type_support.c.o
[2.933s] [43/87] Building C object CMakeFiles/autoware_auto_planning_msgs__rosidl_typesupport_introspection_c.dir/rosidl_typesupport_introspection_c/autoware_auto_planning_msgs/msg/detail/path_point__type_support.c.o
[2.954s] [44/87] Generating C type support for eProsima Fast-RTPS
[2.954s] [45/87] Building C object CMakeFiles/autoware_auto_planning_msgs__rosidl_typesupport_introspection_c.dir/rosidl_typesupport_introspection_c/autoware_auto_planning_msgs/msg/detail/trajectory__type_support.c.o
[2.985s] [46/87] Building C object CMakeFiles/autoware_auto_planning_msgs__rosidl_typesupport_introspection_c.dir/rosidl_typesupport_introspection_c/autoware_auto_planning_msgs/msg/detail/trajectory_point__type_support.c.o
[3.104s] [47/87] Building CXX object CMakeFiles/autoware_auto_planning_msgs__rosidl_typesupport_cpp.dir/rosidl_typesupport_cpp/autoware_auto_planning_msgs/msg/path_with_lane_id__type_support.cpp.o
[3.110s] [48/87] Building CXX object CMakeFiles/autoware_auto_planning_msgs__rosidl_typesupport_cpp.dir/rosidl_typesupport_cpp/autoware_auto_planning_msgs/msg/order_movement__type_support.cpp.o
[3.114s] [49/87] Building CXX object CMakeFiles/autoware_auto_planning_msgs__rosidl_typesupport_cpp.dir/rosidl_typesupport_cpp/autoware_auto_planning_msgs/msg/path__type_support.cpp.o
[3.115s] [50/87] Building CXX object CMakeFiles/autoware_auto_planning_msgs__rosidl_typesupport_cpp.dir/rosidl_typesupport_cpp/autoware_auto_planning_msgs/msg/path_point__type_support.cpp.o
[3.116s] [51/87] Building CXX object CMakeFiles/autoware_auto_planning_msgs__rosidl_typesupport_cpp.dir/rosidl_typesupport_cpp/autoware_auto_planning_msgs/msg/path_point_with_lane_id__type_support.cpp.o
[3.133s] [52/87] Building CXX object CMakeFiles/autoware_auto_planning_msgs__rosidl_typesupport_cpp.dir/rosidl_typesupport_cpp/autoware_auto_planning_msgs/msg/trajectory_point__type_support.cpp.o
[3.144s] [53/87] Building CXX object CMakeFiles/autoware_auto_planning_msgs__rosidl_typesupport_cpp.dir/rosidl_typesupport_cpp/autoware_auto_planning_msgs/msg/trajectory__type_support.cpp.o
[3.157s] [54/87] Linking C shared library libautoware_auto_planning_msgs__rosidl_typesupport_introspection_c.so
[3.160s] [55/87] Building CXX object CMakeFiles/autoware_auto_planning_msgs__rosidl_typesupport_introspection_cpp.dir/rosidl_typesupport_introspection_cpp/autoware_auto_planning_msgs/msg/detail/order_movement__type_support.cpp.o
[3.466s] [56/87] Building CXX object CMakeFiles/autoware_auto_planning_msgs__rosidl_typesupport_fastrtps_c.dir/rosidl_typesupport_fastrtps_c/autoware_auto_planning_msgs/msg/detail/path_point__type_support_c.cpp.o
[3.468s] [57/87] Building CXX object CMakeFiles/autoware_auto_planning_msgs__rosidl_typesupport_fastrtps_cpp.dir/rosidl_typesupport_fastrtps_cpp/autoware_auto_planning_msgs/msg/detail/dds_fastrtps/order_movement__type_support.cpp.o
[3.470s] [58/87] Building CXX object CMakeFiles/autoware_auto_planning_msgs__rosidl_typesupport_fastrtps_c.dir/rosidl_typesupport_fastrtps_c/autoware_auto_planning_msgs/msg/detail/order_movement__type_support_c.cpp.o
[3.513s] [59/87] Building CXX object CMakeFiles/autoware_auto_planning_msgs__rosidl_typesupport_fastrtps_c.dir/rosidl_typesupport_fastrtps_c/autoware_auto_planning_msgs/msg/detail/path__type_support_c.cpp.o
[3.594s] [60/87] Building CXX object CMakeFiles/autoware_auto_planning_msgs__rosidl_typesupport_fastrtps_c.dir/rosidl_typesupport_fastrtps_c/autoware_auto_planning_msgs/msg/detail/path_point_with_lane_id__type_support_c.cpp.o
[3.632s] [61/87] Building CXX object CMakeFiles/autoware_auto_planning_msgs__rosidl_typesupport_fastrtps_c.dir/rosidl_typesupport_fastrtps_c/autoware_auto_planning_msgs/msg/detail/trajectory_point__type_support_c.cpp.o
[3.648s] [62/87] Building CXX object CMakeFiles/autoware_auto_planning_msgs__rosidl_typesupport_fastrtps_c.dir/rosidl_typesupport_fastrtps_c/autoware_auto_planning_msgs/msg/detail/trajectory__type_support_c.cpp.o
[3.651s] [63/87] Building CXX object CMakeFiles/autoware_auto_planning_msgs__rosidl_typesupport_fastrtps_c.dir/rosidl_typesupport_fastrtps_c/autoware_auto_planning_msgs/msg/detail/path_with_lane_id__type_support_c.cpp.o
[3.659s] [64/87] Building CXX object CMakeFiles/autoware_auto_planning_msgs__rosidl_typesupport_fastrtps_cpp.dir/rosidl_typesupport_fastrtps_cpp/autoware_auto_planning_msgs/msg/detail/dds_fastrtps/path_point__type_support.cpp.o
[3.726s] [65/87] Building CXX object CMakeFiles/autoware_auto_planning_msgs__rosidl_typesupport_fastrtps_cpp.dir/rosidl_typesupport_fastrtps_cpp/autoware_auto_planning_msgs/msg/detail/dds_fastrtps/path__type_support.cpp.o
[3.727s] [66/87] Building CXX object CMakeFiles/autoware_auto_planning_msgs__rosidl_typesupport_fastrtps_cpp.dir/rosidl_typesupport_fastrtps_cpp/autoware_auto_planning_msgs/msg/detail/dds_fastrtps/path_point_with_lane_id__type_support.cpp.o
[3.750s] [67/87] Linking CXX shared library libautoware_auto_planning_msgs__rosidl_typesupport_fastrtps_c.so
[3.764s] [68/87] Building CXX object CMakeFiles/autoware_auto_planning_msgs__rosidl_typesupport_fastrtps_cpp.dir/rosidl_typesupport_fastrtps_cpp/autoware_auto_planning_msgs/msg/detail/dds_fastrtps/path_with_lane_id__type_support.cpp.o
[3.812s] [69/87] Linking CXX shared library libautoware_auto_planning_msgs__rosidl_typesupport_cpp.so
[3.972s] [70/87] Building CXX object CMakeFiles/autoware_auto_planning_msgs__rosidl_typesupport_introspection_cpp.dir/rosidl_typesupport_introspection_cpp/autoware_auto_planning_msgs/msg/detail/path__type_support.cpp.o
[3.980s] [71/87] Building CXX object CMakeFiles/autoware_auto_planning_msgs__rosidl_typesupport_introspection_cpp.dir/rosidl_typesupport_introspection_cpp/autoware_auto_planning_msgs/msg/detail/path_point_with_lane_id__type_support.cpp.o
[4.008s] [72/87] Building CXX object CMakeFiles/autoware_auto_planning_msgs__rosidl_typesupport_introspection_cpp.dir/rosidl_typesupport_introspection_cpp/autoware_auto_planning_msgs/msg/detail/path_point__type_support.cpp.o
[4.010s] [73/87] Building CXX object CMakeFiles/autoware_auto_planning_msgs__rosidl_typesupport_fastrtps_cpp.dir/rosidl_typesupport_fastrtps_cpp/autoware_auto_planning_msgs/msg/detail/dds_fastrtps/trajectory_point__type_support.cpp.o
[4.037s] [74/87] Building CXX object CMakeFiles/autoware_auto_planning_msgs__rosidl_typesupport_fastrtps_cpp.dir/rosidl_typesupport_fastrtps_cpp/autoware_auto_planning_msgs/msg/detail/dds_fastrtps/trajectory__type_support.cpp.o
[4.057s] [75/87] Building CXX object CMakeFiles/autoware_auto_planning_msgs__rosidl_typesupport_introspection_cpp.dir/rosidl_typesupport_introspection_cpp/autoware_auto_planning_msgs/msg/detail/trajectory__type_support.cpp.o
[4.081s] [76/87] Building CXX object CMakeFiles/autoware_auto_planning_msgs__rosidl_typesupport_introspection_cpp.dir/rosidl_typesupport_introspection_cpp/autoware_auto_planning_msgs/msg/detail/trajectory_point__type_support.cpp.o
[4.090s] [77/87] Linking CXX shared library libautoware_auto_planning_msgs__rosidl_typesupport_fastrtps_cpp.so
[4.142s] [78/87] Building CXX object CMakeFiles/autoware_auto_planning_msgs__rosidl_typesupport_introspection_cpp.dir/rosidl_typesupport_introspection_cpp/autoware_auto_planning_msgs/msg/detail/path_with_lane_id__type_support.cpp.o
[4.190s] [79/87] Linking CXX shared library libautoware_auto_planning_msgs__rosidl_typesupport_introspection_cpp.so
[10.875s] [80/87] Building CXX object CMakeFiles/autoware_auto_planning_msgs_matlab.dir/src/autoware_auto_planning_msgs_OrderMovement_message.cpp.o
[10.945s] [81/87] Building CXX object CMakeFiles/autoware_auto_planning_msgs_matlab.dir/src/autoware_auto_planning_msgs_Trajectory_message.cpp.o
[10.974s] [82/87] Building CXX object CMakeFiles/autoware_auto_planning_msgs_matlab.dir/src/autoware_auto_planning_msgs_PathPoint_message.cpp.o
[11.142s] [83/87] Building CXX object CMakeFiles/autoware_auto_planning_msgs_matlab.dir/src/autoware_auto_planning_msgs_Path_message.cpp.o
[11.627s] [84/87] Building CXX object CMakeFiles/autoware_auto_planning_msgs_matlab.dir/src/autoware_auto_planning_msgs_TrajectoryPoint_message.cpp.o
[11.677s] [85/87] Building CXX object CMakeFiles/autoware_auto_planning_msgs_matlab.dir/src/autoware_auto_planning_msgs_PathPointWithLaneId_message.cpp.o
[11.708s] [86/87] Building CXX object CMakeFiles/autoware_auto_planning_msgs_matlab.dir/src/autoware_auto_planning_msgs_PathWithLaneId_message.cpp.o
[12.995s] [87/87] Linking CXX shared library libautoware_auto_planning_msgs_matlab.so
[13.000s] Invoked command in '/home/yoo/Documents/MATLAB/MPC/control/matlab_msg_gen/glnxa64/build/autoware_auto_planning_msgs' returned '0': PS1=(venv) VIRTUAL_ENV_PROMPT=(venv) /usr/local/MATLAB/R2025b/bin/glnxa64/cmake/bin/cmake --build /home/yoo/Documents/MATLAB/MPC/control/matlab_msg_gen/glnxa64/build/autoware_auto_planning_msgs -- -j16 -l16
[13.028s] Invoking command in '/home/yoo/Documents/MATLAB/MPC/control/matlab_msg_gen/glnxa64/build/autoware_auto_planning_msgs': PS1=(venv) VIRTUAL_ENV_PROMPT=(venv) /usr/local/MATLAB/R2025b/bin/glnxa64/cmake/bin/cmake --install /home/yoo/Documents/MATLAB/MPC/control/matlab_msg_gen/glnxa64/build/autoware_auto_planning_msgs
[13.031s] -- Install configuration: "Release"
[13.032s] -- Installing: /home/yoo/Documents/MATLAB/MPC/control/matlab_msg_gen/glnxa64/install/share/ament_index/resource_index/rosidl_interfaces/autoware_auto_planning_msgs
[13.032s] -- Installing: /home/yoo/Documents/MATLAB/MPC/control/matlab_msg_gen/glnxa64/install/share/autoware_auto_planning_msgs/msg/OrderMovement.json
[13.032s] -- Installing: /home/yoo/Documents/MATLAB/MPC/control/matlab_msg_gen/glnxa64/install/share/autoware_auto_planning_msgs/msg/Path.json
[13.032s] -- Installing: /home/yoo/Documents/MATLAB/MPC/control/matlab_msg_gen/glnxa64/install/share/autoware_auto_planning_msgs/msg/PathPoint.json
[13.033s] -- Installing: /home/yoo/Documents/MATLAB/MPC/control/matlab_msg_gen/glnxa64/install/share/autoware_auto_planning_msgs/msg/PathPointWithLaneId.json
[13.033s] -- Installing: /home/yoo/Documents/MATLAB/MPC/control/matlab_msg_gen/glnxa64/install/share/autoware_auto_planning_msgs/msg/PathWithLaneId.json
[13.033s] -- Installing: /home/yoo/Documents/MATLAB/MPC/control/matlab_msg_gen/glnxa64/install/share/autoware_auto_planning_msgs/msg/Trajectory.json
[13.033s] -- Installing: /home/yoo/Documents/MATLAB/MPC/control/matlab_msg_gen/glnxa64/install/share/autoware_auto_planning_msgs/msg/TrajectoryPoint.json
[13.033s] -- Installing: /home/yoo/Documents/MATLAB/MPC/control/matlab_msg_gen/glnxa64/install/include/autoware_auto_planning_msgs/autoware_auto_planning_msgs
[13.034s] -- Installing: /home/yoo/Documents/MATLAB/MPC/control/matlab_msg_gen/glnxa64/install/include/autoware_auto_planning_msgs/autoware_auto_planning_msgs/msg
[13.034s] -- Installing: /home/yoo/Documents/MATLAB/MPC/control/matlab_msg_gen/glnxa64/install/include/autoware_auto_planning_msgs/autoware_auto_planning_msgs/msg/path.h
[13.034s] -- Installing: /home/yoo/Documents/MATLAB/MPC/control/matlab_msg_gen/glnxa64/install/include/autoware_auto_planning_msgs/autoware_auto_planning_msgs/msg/order_movement.h
[13.034s] -- Installing: /home/yoo/Documents/MATLAB/MPC/control/matlab_msg_gen/glnxa64/install/include/autoware_auto_planning_msgs/autoware_auto_planning_msgs/msg/path_point.h
[13.034s] -- Installing: /home/yoo/Documents/MATLAB/MPC/control/matlab_msg_gen/glnxa64/install/include/autoware_auto_planning_msgs/autoware_auto_planning_msgs/msg/path_point_with_lane_id.h
[13.034s] -- Installing: /home/yoo/Documents/MATLAB/MPC/control/matlab_msg_gen/glnxa64/install/include/autoware_auto_planning_msgs/autoware_auto_planning_msgs/msg/trajectory_point.h
[13.034s] -- Installing: /home/yoo/Documents/MATLAB/MPC/control/matlab_msg_gen/glnxa64/install/include/autoware_auto_planning_msgs/autoware_auto_planning_msgs/msg/trajectory.h
[13.034s] -- Installing: /home/yoo/Documents/MATLAB/MPC/control/matlab_msg_gen/glnxa64/install/include/autoware_auto_planning_msgs/autoware_auto_planning_msgs/msg/path_with_lane_id.h
[13.035s] -- Installing: /home/yoo/Documents/MATLAB/MPC/control/matlab_msg_gen/glnxa64/install/include/autoware_auto_planning_msgs/autoware_auto_planning_msgs/msg/detail
[13.035s] -- Installing: /home/yoo/Documents/MATLAB/MPC/control/matlab_msg_gen/glnxa64/install/include/autoware_auto_planning_msgs/autoware_auto_planning_msgs/msg/detail/trajectory__functions.c
[13.035s] -- Installing: /home/yoo/Documents/MATLAB/MPC/control/matlab_msg_gen/glnxa64/install/include/autoware_auto_planning_msgs/autoware_auto_planning_msgs/msg/detail/path_with_lane_id__functions.h
[13.035s] -- Installing: /home/yoo/Documents/MATLAB/MPC/control/matlab_msg_gen/glnxa64/install/include/autoware_auto_planning_msgs/autoware_auto_planning_msgs/msg/detail/path__functions.h
[13.035s] -- Installing: /home/yoo/Documents/MATLAB/MPC/control/matlab_msg_gen/glnxa64/install/include/autoware_auto_planning_msgs/autoware_auto_planning_msgs/msg/detail/order_movement__type_support.h
[13.035s] -- Installing: /home/yoo/Documents/MATLAB/MPC/control/matlab_msg_gen/glnxa64/install/include/autoware_auto_planning_msgs/autoware_auto_planning_msgs/msg/detail/order_movement__type_support.c
[13.035s] -- Installing: /home/yoo/Documents/MATLAB/MPC/control/matlab_msg_gen/glnxa64/install/include/autoware_auto_planning_msgs/autoware_auto_planning_msgs/msg/detail/path_with_lane_id__type_support.h
[13.036s] -- Installing: /home/yoo/Documents/MATLAB/MPC/control/matlab_msg_gen/glnxa64/install/include/autoware_auto_planning_msgs/autoware_auto_planning_msgs/msg/detail/order_movement__description.c
[13.036s] -- Installing: /home/yoo/Documents/MATLAB/MPC/control/matlab_msg_gen/glnxa64/install/include/autoware_auto_planning_msgs/autoware_auto_planning_msgs/msg/detail/path_point_with_lane_id__description.c
[13.036s] -- Installing: /home/yoo/Documents/MATLAB/MPC/control/matlab_msg_gen/glnxa64/install/include/autoware_auto_planning_msgs/autoware_auto_planning_msgs/msg/detail/path_with_lane_id__description.c
[13.036s] -- Installing: /home/yoo/Documents/MATLAB/MPC/control/matlab_msg_gen/glnxa64/install/include/autoware_auto_planning_msgs/autoware_auto_planning_msgs/msg/detail/path_point_with_lane_id__type_support.h
[13.036s] -- Installing: /home/yoo/Documents/MATLAB/MPC/control/matlab_msg_gen/glnxa64/install/include/autoware_auto_planning_msgs/autoware_auto_planning_msgs/msg/detail/path_point_with_lane_id__functions.c
[13.036s] -- Installing: /home/yoo/Documents/MATLAB/MPC/control/matlab_msg_gen/glnxa64/install/include/autoware_auto_planning_msgs/autoware_auto_planning_msgs/msg/detail/order_movement__struct.h
[13.036s] -- Installing: /home/yoo/Documents/MATLAB/MPC/control/matlab_msg_gen/glnxa64/install/include/autoware_auto_planning_msgs/autoware_auto_planning_msgs/msg/detail/path_point_with_lane_id__struct.h
[13.036s] -- Installing: /home/yoo/Documents/MATLAB/MPC/control/matlab_msg_gen/glnxa64/install/include/autoware_auto_planning_msgs/autoware_auto_planning_msgs/msg/detail/path_point__description.c
[13.037s] -- Installing: /home/yoo/Documents/MATLAB/MPC/control/matlab_msg_gen/glnxa64/install/include/autoware_auto_planning_msgs/autoware_auto_planning_msgs/msg/detail/path__functions.c
[13.037s] -- Installing: /home/yoo/Documents/MATLAB/MPC/control/matlab_msg_gen/glnxa64/install/include/autoware_auto_planning_msgs/autoware_auto_planning_msgs/msg/detail/trajectory__type_support.c
[13.037s] -- Installing: /home/yoo/Documents/MATLAB/MPC/control/matlab_msg_gen/glnxa64/install/include/autoware_auto_planning_msgs/autoware_auto_planning_msgs/msg/detail/trajectory_point__functions.h
[13.037s] -- Installing: /home/yoo/Documents/MATLAB/MPC/control/matlab_msg_gen/glnxa64/install/include/autoware_auto_planning_msgs/autoware_auto_planning_msgs/msg/detail/path_point__type_support.c
[13.037s] -- Installing: /home/yoo/Documents/MATLAB/MPC/control/matlab_msg_gen/glnxa64/install/include/autoware_auto_planning_msgs/autoware_auto_planning_msgs/msg/detail/path_point_with_lane_id__functions.h
[13.037s] -- Installing: /home/yoo/Documents/MATLAB/MPC/control/matlab_msg_gen/glnxa64/install/include/autoware_auto_planning_msgs/autoware_auto_planning_msgs/msg/detail/path__type_support.h
[13.037s] -- Installing: /home/yoo/Documents/MATLAB/MPC/control/matlab_msg_gen/glnxa64/install/include/autoware_auto_planning_msgs/autoware_auto_planning_msgs/msg/detail/trajectory_point__struct.h
[13.038s] -- Installing: /home/yoo/Documents/MATLAB/MPC/control/matlab_msg_gen/glnxa64/install/include/autoware_auto_planning_msgs/autoware_auto_planning_msgs/msg/detail/path__type_support.c
[13.038s] -- Installing: /home/yoo/Documents/MATLAB/MPC/control/matlab_msg_gen/glnxa64/install/include/autoware_auto_planning_msgs/autoware_auto_planning_msgs/msg/detail/trajectory_point__description.c
[13.038s] -- Installing: /home/yoo/Documents/MATLAB/MPC/control/matlab_msg_gen/glnxa64/install/include/autoware_auto_planning_msgs/autoware_auto_planning_msgs/msg/detail/path_point_with_lane_id__type_support.c
[13.038s] -- Installing: /home/yoo/Documents/MATLAB/MPC/control/matlab_msg_gen/glnxa64/install/include/autoware_auto_planning_msgs/autoware_auto_planning_msgs/msg/detail/path_point__functions.c
[13.038s] -- Installing: /home/yoo/Documents/MATLAB/MPC/control/matlab_msg_gen/glnxa64/install/include/autoware_auto_planning_msgs/autoware_auto_planning_msgs/msg/detail/trajectory__type_support.h
[13.038s] -- Installing: /home/yoo/Documents/MATLAB/MPC/control/matlab_msg_gen/glnxa64/install/include/autoware_auto_planning_msgs/autoware_auto_planning_msgs/msg/detail/trajectory__functions.h
[13.038s] -- Installing: /home/yoo/Documents/MATLAB/MPC/control/matlab_msg_gen/glnxa64/install/include/autoware_auto_planning_msgs/autoware_auto_planning_msgs/msg/detail/trajectory_point__type_support.c
[13.038s] -- Installing: /home/yoo/Documents/MATLAB/MPC/control/matlab_msg_gen/glnxa64/install/include/autoware_auto_planning_msgs/autoware_auto_planning_msgs/msg/detail/path_point__struct.h
[13.039s] -- Installing: /home/yoo/Documents/MATLAB/MPC/control/matlab_msg_gen/glnxa64/install/include/autoware_auto_planning_msgs/autoware_auto_planning_msgs/msg/detail/order_movement__functions.c
[13.039s] -- Installing: /home/yoo/Documents/MATLAB/MPC/control/matlab_msg_gen/glnxa64/install/include/autoware_auto_planning_msgs/autoware_auto_planning_msgs/msg/detail/path_with_lane_id__functions.c
[13.039s] -- Installing: /home/yoo/Documents/MATLAB/MPC/control/matlab_msg_gen/glnxa64/install/include/autoware_auto_planning_msgs/autoware_auto_planning_msgs/msg/detail/trajectory_point__functions.c
[13.039s] -- Installing: /home/yoo/Documents/MATLAB/MPC/control/matlab_msg_gen/glnxa64/install/include/autoware_auto_planning_msgs/autoware_auto_planning_msgs/msg/detail/trajectory_point__type_support.h
[13.039s] -- Installing: /home/yoo/Documents/MATLAB/MPC/control/matlab_msg_gen/glnxa64/install/include/autoware_auto_planning_msgs/autoware_auto_planning_msgs/msg/detail/path_point__functions.h
[13.039s] -- Installing: /home/yoo/Documents/MATLAB/MPC/control/matlab_msg_gen/glnxa64/install/include/autoware_auto_planning_msgs/autoware_auto_planning_msgs/msg/detail/order_movement__functions.h
[13.039s] -- Installing: /home/yoo/Documents/MATLAB/MPC/control/matlab_msg_gen/glnxa64/install/include/autoware_auto_planning_msgs/autoware_auto_planning_msgs/msg/detail/path__description.c
[13.040s] -- Installing: /home/yoo/Documents/MATLAB/MPC/control/matlab_msg_gen/glnxa64/install/include/autoware_auto_planning_msgs/autoware_auto_planning_msgs/msg/detail/path__struct.h
[13.040s] -- Installing: /home/yoo/Documents/MATLAB/MPC/control/matlab_msg_gen/glnxa64/install/include/autoware_auto_planning_msgs/autoware_auto_planning_msgs/msg/detail/trajectory__struct.h
[13.040s] -- Installing: /home/yoo/Documents/MATLAB/MPC/control/matlab_msg_gen/glnxa64/install/include/autoware_auto_planning_msgs/autoware_auto_planning_msgs/msg/detail/trajectory__description.c
[13.040s] -- Installing: /home/yoo/Documents/MATLAB/MPC/control/matlab_msg_gen/glnxa64/install/include/autoware_auto_planning_msgs/autoware_auto_planning_msgs/msg/detail/path_point__type_support.h
[13.040s] -- Installing: /home/yoo/Documents/MATLAB/MPC/control/matlab_msg_gen/glnxa64/install/include/autoware_auto_planning_msgs/autoware_auto_planning_msgs/msg/detail/path_with_lane_id__struct.h
[13.040s] -- Installing: /home/yoo/Documents/MATLAB/MPC/control/matlab_msg_gen/glnxa64/install/include/autoware_auto_planning_msgs/autoware_auto_planning_msgs/msg/detail/path_with_lane_id__type_support.c
[13.040s] -- Installing: /home/yoo/Documents/MATLAB/MPC/control/matlab_msg_gen/glnxa64/install/include/autoware_auto_planning_msgs/autoware_auto_planning_msgs/msg/rosidl_generator_c__visibility_control.h
[13.040s] -- Installing: /home/yoo/Documents/MATLAB/MPC/control/matlab_msg_gen/glnxa64/install/share/autoware_auto_planning_msgs/environment/library_path.sh
[13.041s] -- Installing: /home/yoo/Documents/MATLAB/MPC/control/matlab_msg_gen/glnxa64/install/share/autoware_auto_planning_msgs/environment/library_path.dsv
[13.041s] -- Installing: /home/yoo/Documents/MATLAB/MPC/control/matlab_msg_gen/glnxa64/install/lib/libautoware_auto_planning_msgs__rosidl_generator_c.so
[13.041s] -- Up-to-date: /home/yoo/Documents/MATLAB/MPC/control/matlab_msg_gen/glnxa64/install/include/autoware_auto_planning_msgs/autoware_auto_planning_msgs
[13.041s] -- Up-to-date: /home/yoo/Documents/MATLAB/MPC/control/matlab_msg_gen/glnxa64/install/include/autoware_auto_planning_msgs/autoware_auto_planning_msgs/msg
[13.041s] -- Installing: /home/yoo/Documents/MATLAB/MPC/control/matlab_msg_gen/glnxa64/install/include/autoware_auto_planning_msgs/autoware_auto_planning_msgs/msg/rosidl_typesupport_fastrtps_c__visibility_control.h
[13.041s] -- Up-to-date: /home/yoo/Documents/MATLAB/MPC/control/matlab_msg_gen/glnxa64/install/include/autoware_auto_planning_msgs/autoware_auto_planning_msgs/msg/detail
[13.041s] -- Installing: /home/yoo/Documents/MATLAB/MPC/control/matlab_msg_gen/glnxa64/install/include/autoware_auto_planning_msgs/autoware_auto_planning_msgs/msg/detail/trajectory_point__rosidl_typesupport_fastrtps_c.h
[13.041s] -- Installing: /home/yoo/Documents/MATLAB/MPC/control/matlab_msg_gen/glnxa64/install/include/autoware_auto_planning_msgs/autoware_auto_planning_msgs/msg/detail/path_point_with_lane_id__rosidl_typesupport_fastrtps_c.h
[13.042s] -- Installing: /home/yoo/Documents/MATLAB/MPC/control/matlab_msg_gen/glnxa64/install/include/autoware_auto_planning_msgs/autoware_auto_planning_msgs/msg/detail/path_with_lane_id__rosidl_typesupport_fastrtps_c.h
[13.042s] -- Installing: /home/yoo/Documents/MATLAB/MPC/control/matlab_msg_gen/glnxa64/install/include/autoware_auto_planning_msgs/autoware_auto_planning_msgs/msg/detail/path__rosidl_typesupport_fastrtps_c.h
[13.042s] -- Installing: /home/yoo/Documents/MATLAB/MPC/control/matlab_msg_gen/glnxa64/install/include/autoware_auto_planning_msgs/autoware_auto_planning_msgs/msg/detail/path_point__rosidl_typesupport_fastrtps_c.h
[13.042s] -- Installing: /home/yoo/Documents/MATLAB/MPC/control/matlab_msg_gen/glnxa64/install/include/autoware_auto_planning_msgs/autoware_auto_planning_msgs/msg/detail/order_movement__rosidl_typesupport_fastrtps_c.h
[13.042s] -- Installing: /home/yoo/Documents/MATLAB/MPC/control/matlab_msg_gen/glnxa64/install/include/autoware_auto_planning_msgs/autoware_auto_planning_msgs/msg/detail/trajectory__rosidl_typesupport_fastrtps_c.h
[13.042s] -- Installing: /home/yoo/Documents/MATLAB/MPC/control/matlab_msg_gen/glnxa64/install/lib/libautoware_auto_planning_msgs__rosidl_typesupport_fastrtps_c.so
[13.042s] -- Up-to-date: /home/yoo/Documents/MATLAB/MPC/control/matlab_msg_gen/glnxa64/install/include/autoware_auto_planning_msgs/autoware_auto_planning_msgs
[13.043s] -- Up-to-date: /home/yoo/Documents/MATLAB/MPC/control/matlab_msg_gen/glnxa64/install/include/autoware_auto_planning_msgs/autoware_auto_planning_msgs/msg
[13.043s] -- Installing: /home/yoo/Documents/MATLAB/MPC/control/matlab_msg_gen/glnxa64/install/include/autoware_auto_planning_msgs/autoware_auto_planning_msgs/msg/rosidl_typesupport_introspection_c__visibility_control.h
[13.043s] -- Up-to-date: /home/yoo/Documents/MATLAB/MPC/control/matlab_msg_gen/glnxa64/install/include/autoware_auto_planning_msgs/autoware_auto_planning_msgs/msg/detail
[13.043s] -- Installing: /home/yoo/Documents/MATLAB/MPC/control/matlab_msg_gen/glnxa64/install/include/autoware_auto_planning_msgs/autoware_auto_planning_msgs/msg/detail/trajectory_point__rosidl_typesupport_introspection_c.h
[13.043s] -- Installing: /home/yoo/Documents/MATLAB/MPC/control/matlab_msg_gen/glnxa64/install/include/autoware_auto_planning_msgs/autoware_auto_planning_msgs/msg/detail/order_movement__type_support.c
[13.043s] -- Installing: /home/yoo/Documents/MATLAB/MPC/control/matlab_msg_gen/glnxa64/install/include/autoware_auto_planning_msgs/autoware_auto_planning_msgs/msg/detail/trajectory__rosidl_typesupport_introspection_c.h
[13.043s] -- Installing: /home/yoo/Documents/MATLAB/MPC/control/matlab_msg_gen/glnxa64/install/include/autoware_auto_planning_msgs/autoware_auto_planning_msgs/msg/detail/trajectory__type_support.c
[13.043s] -- Installing: /home/yoo/Documents/MATLAB/MPC/control/matlab_msg_gen/glnxa64/install/include/autoware_auto_planning_msgs/autoware_auto_planning_msgs/msg/detail/order_movement__rosidl_typesupport_introspection_c.h
[13.044s] -- Installing: /home/yoo/Documents/MATLAB/MPC/control/matlab_msg_gen/glnxa64/install/include/autoware_auto_planning_msgs/autoware_auto_planning_msgs/msg/detail/path_point__type_support.c
[13.044s] -- Installing: /home/yoo/Documents/MATLAB/MPC/control/matlab_msg_gen/glnxa64/install/include/autoware_auto_planning_msgs/autoware_auto_planning_msgs/msg/detail/path__type_support.c
[13.044s] -- Installing: /home/yoo/Documents/MATLAB/MPC/control/matlab_msg_gen/glnxa64/install/include/autoware_auto_planning_msgs/autoware_auto_planning_msgs/msg/detail/path_point_with_lane_id__type_support.c
[13.044s] -- Installing: /home/yoo/Documents/MATLAB/MPC/control/matlab_msg_gen/glnxa64/install/include/autoware_auto_planning_msgs/autoware_auto_planning_msgs/msg/detail/trajectory_point__type_support.c
[13.044s] -- Installing: /home/yoo/Documents/MATLAB/MPC/control/matlab_msg_gen/glnxa64/install/include/autoware_auto_planning_msgs/autoware_auto_planning_msgs/msg/detail/path_point_with_lane_id__rosidl_typesupport_introspection_c.h
[13.044s] -- Installing: /home/yoo/Documents/MATLAB/MPC/control/matlab_msg_gen/glnxa64/install/include/autoware_auto_planning_msgs/autoware_auto_planning_msgs/msg/detail/path_with_lane_id__rosidl_typesupport_introspection_c.h
[13.045s] -- Installing: /home/yoo/Documents/MATLAB/MPC/control/matlab_msg_gen/glnxa64/install/include/autoware_auto_planning_msgs/autoware_auto_planning_msgs/msg/detail/path__rosidl_typesupport_introspection_c.h
[13.045s] -- Installing: /home/yoo/Documents/MATLAB/MPC/control/matlab_msg_gen/glnxa64/install/include/autoware_auto_planning_msgs/autoware_auto_planning_msgs/msg/detail/path_with_lane_id__type_support.c
[13.045s] -- Installing: /home/yoo/Documents/MATLAB/MPC/control/matlab_msg_gen/glnxa64/install/include/autoware_auto_planning_msgs/autoware_auto_planning_msgs/msg/detail/path_point__rosidl_typesupport_introspection_c.h
[13.045s] -- Installing: /home/yoo/Documents/MATLAB/MPC/control/matlab_msg_gen/glnxa64/install/lib/libautoware_auto_planning_msgs__rosidl_typesupport_introspection_c.so
[13.045s] -- Installing: /home/yoo/Documents/MATLAB/MPC/control/matlab_msg_gen/glnxa64/install/lib/libautoware_auto_planning_msgs__rosidl_typesupport_c.so
[13.046s] -- Up-to-date: /home/yoo/Documents/MATLAB/MPC/control/matlab_msg_gen/glnxa64/install/include/autoware_auto_planning_msgs/autoware_auto_planning_msgs
[13.046s] -- Up-to-date: /home/yoo/Documents/MATLAB/MPC/control/matlab_msg_gen/glnxa64/install/include/autoware_auto_planning_msgs/autoware_auto_planning_msgs/msg
[13.046s] -- Installing: /home/yoo/Documents/MATLAB/MPC/control/matlab_msg_gen/glnxa64/install/include/autoware_auto_planning_msgs/autoware_auto_planning_msgs/msg/rosidl_generator_cpp__visibility_control.hpp
[13.046s] -- Installing: /home/yoo/Documents/MATLAB/MPC/control/matlab_msg_gen/glnxa64/install/include/autoware_auto_planning_msgs/autoware_auto_planning_msgs/msg/trajectory.hpp
[13.046s] -- Installing: /home/yoo/Documents/MATLAB/MPC/control/matlab_msg_gen/glnxa64/install/include/autoware_auto_planning_msgs/autoware_auto_planning_msgs/msg/path_with_lane_id.hpp
[13.046s] -- Installing: /home/yoo/Documents/MATLAB/MPC/control/matlab_msg_gen/glnxa64/install/include/autoware_auto_planning_msgs/autoware_auto_planning_msgs/msg/order_movement.hpp
[13.046s] -- Installing: /home/yoo/Documents/MATLAB/MPC/control/matlab_msg_gen/glnxa64/install/include/autoware_auto_planning_msgs/autoware_auto_planning_msgs/msg/path_point.hpp
[13.046s] -- Installing: /home/yoo/Documents/MATLAB/MPC/control/matlab_msg_gen/glnxa64/install/include/autoware_auto_planning_msgs/autoware_auto_planning_msgs/msg/path.hpp
[13.047s] -- Up-to-date: /home/yoo/Documents/MATLAB/MPC/control/matlab_msg_gen/glnxa64/install/include/autoware_auto_planning_msgs/autoware_auto_planning_msgs/msg/detail
[13.047s] -- Installing: /home/yoo/Documents/MATLAB/MPC/control/matlab_msg_gen/glnxa64/install/include/autoware_auto_planning_msgs/autoware_auto_planning_msgs/msg/detail/order_movement__traits.hpp
[13.047s] -- Installing: /home/yoo/Documents/MATLAB/MPC/control/matlab_msg_gen/glnxa64/install/include/autoware_auto_planning_msgs/autoware_auto_planning_msgs/msg/detail/order_movement__struct.hpp
[13.047s] -- Installing: /home/yoo/Documents/MATLAB/MPC/control/matlab_msg_gen/glnxa64/install/include/autoware_auto_planning_msgs/autoware_auto_planning_msgs/msg/detail/path__builder.hpp
[13.047s] -- Installing: /home/yoo/Documents/MATLAB/MPC/control/matlab_msg_gen/glnxa64/install/include/autoware_auto_planning_msgs/autoware_auto_planning_msgs/msg/detail/path_point__type_support.hpp
[13.047s] -- Installing: /home/yoo/Documents/MATLAB/MPC/control/matlab_msg_gen/glnxa64/install/include/autoware_auto_planning_msgs/autoware_auto_planning_msgs/msg/detail/path_with_lane_id__traits.hpp
[13.048s] -- Installing: /home/yoo/Documents/MATLAB/MPC/control/matlab_msg_gen/glnxa64/install/include/autoware_auto_planning_msgs/autoware_auto_planning_msgs/msg/detail/path_with_lane_id__builder.hpp
[13.048s] -- Installing: /home/yoo/Documents/MATLAB/MPC/control/matlab_msg_gen/glnxa64/install/include/autoware_auto_planning_msgs/autoware_auto_planning_msgs/msg/detail/path_point__traits.hpp
[13.048s] -- Installing: /home/yoo/Documents/MATLAB/MPC/control/matlab_msg_gen/glnxa64/install/include/autoware_auto_planning_msgs/autoware_auto_planning_msgs/msg/detail/path__traits.hpp
[13.048s] -- Installing: /home/yoo/Documents/MATLAB/MPC/control/matlab_msg_gen/glnxa64/install/include/autoware_auto_planning_msgs/autoware_auto_planning_msgs/msg/detail/path_point_with_lane_id__struct.hpp
[13.048s] -- Installing: /home/yoo/Documents/MATLAB/MPC/control/matlab_msg_gen/glnxa64/install/include/autoware_auto_planning_msgs/autoware_auto_planning_msgs/msg/detail/trajectory_point__builder.hpp
[13.049s] -- Installing: /home/yoo/Documents/MATLAB/MPC/control/matlab_msg_gen/glnxa64/install/include/autoware_auto_planning_msgs/autoware_auto_planning_msgs/msg/detail/path_with_lane_id__type_support.hpp
[13.049s] -- Installing: /home/yoo/Documents/MATLAB/MPC/control/matlab_msg_gen/glnxa64/install/include/autoware_auto_planning_msgs/autoware_auto_planning_msgs/msg/detail/path_point_with_lane_id__builder.hpp
[13.049s] -- Installing: /home/yoo/Documents/MATLAB/MPC/control/matlab_msg_gen/glnxa64/install/include/autoware_auto_planning_msgs/autoware_auto_planning_msgs/msg/detail/trajectory_point__struct.hpp
[13.049s] -- Installing: /home/yoo/Documents/MATLAB/MPC/control/matlab_msg_gen/glnxa64/install/include/autoware_auto_planning_msgs/autoware_auto_planning_msgs/msg/detail/path_point__builder.hpp
[13.049s] -- Installing: /home/yoo/Documents/MATLAB/MPC/control/matlab_msg_gen/glnxa64/install/include/autoware_auto_planning_msgs/autoware_auto_planning_msgs/msg/detail/trajectory__type_support.hpp
[13.050s] -- Installing: /home/yoo/Documents/MATLAB/MPC/control/matlab_msg_gen/glnxa64/install/include/autoware_auto_planning_msgs/autoware_auto_planning_msgs/msg/detail/order_movement__type_support.hpp
[13.050s] -- Installing: /home/yoo/Documents/MATLAB/MPC/control/matlab_msg_gen/glnxa64/install/include/autoware_auto_planning_msgs/autoware_auto_planning_msgs/msg/detail/order_movement__builder.hpp
[13.050s] -- Installing: /home/yoo/Documents/MATLAB/MPC/control/matlab_msg_gen/glnxa64/install/include/autoware_auto_planning_msgs/autoware_auto_planning_msgs/msg/detail/trajectory_point__type_support.hpp
[13.050s] -- Installing: /home/yoo/Documents/MATLAB/MPC/control/matlab_msg_gen/glnxa64/install/include/autoware_auto_planning_msgs/autoware_auto_planning_msgs/msg/detail/path_point_with_lane_id__traits.hpp
[13.050s] -- Installing: /home/yoo/Documents/MATLAB/MPC/control/matlab_msg_gen/glnxa64/install/include/autoware_auto_planning_msgs/autoware_auto_planning_msgs/msg/detail/path_point_with_lane_id__type_support.hpp
[13.050s] -- Installing: /home/yoo/Documents/MATLAB/MPC/control/matlab_msg_gen/glnxa64/install/include/autoware_auto_planning_msgs/autoware_auto_planning_msgs/msg/detail/path__type_support.hpp
[13.051s] -- Installing: /home/yoo/Documents/MATLAB/MPC/control/matlab_msg_gen/glnxa64/install/include/autoware_auto_planning_msgs/autoware_auto_planning_msgs/msg/detail/path_with_lane_id__struct.hpp
[13.051s] -- Installing: /home/yoo/Documents/MATLAB/MPC/control/matlab_msg_gen/glnxa64/install/include/autoware_auto_planning_msgs/autoware_auto_planning_msgs/msg/detail/trajectory_point__traits.hpp
[13.051s] -- Installing: /home/yoo/Documents/MATLAB/MPC/control/matlab_msg_gen/glnxa64/install/include/autoware_auto_planning_msgs/autoware_auto_planning_msgs/msg/detail/trajectory__traits.hpp
[13.051s] -- Installing: /home/yoo/Documents/MATLAB/MPC/control/matlab_msg_gen/glnxa64/install/include/autoware_auto_planning_msgs/autoware_auto_planning_msgs/msg/detail/path__struct.hpp
[13.051s] -- Installing: /home/yoo/Documents/MATLAB/MPC/control/matlab_msg_gen/glnxa64/install/include/autoware_auto_planning_msgs/autoware_auto_planning_msgs/msg/detail/trajectory__builder.hpp
[13.052s] -- Installing: /home/yoo/Documents/MATLAB/MPC/control/matlab_msg_gen/glnxa64/install/include/autoware_auto_planning_msgs/autoware_auto_planning_msgs/msg/detail/trajectory__struct.hpp
[13.052s] -- Installing: /home/yoo/Documents/MATLAB/MPC/control/matlab_msg_gen/glnxa64/install/include/autoware_auto_planning_msgs/autoware_auto_planning_msgs/msg/detail/path_point__struct.hpp
[13.052s] -- Installing: /home/yoo/Documents/MATLAB/MPC/control/matlab_msg_gen/glnxa64/install/include/autoware_auto_planning_msgs/autoware_auto_planning_msgs/msg/path_point_with_lane_id.hpp
[13.052s] -- Installing: /home/yoo/Documents/MATLAB/MPC/control/matlab_msg_gen/glnxa64/install/include/autoware_auto_planning_msgs/autoware_auto_planning_msgs/msg/trajectory_point.hpp
[13.052s] -- Up-to-date: /home/yoo/Documents/MATLAB/MPC/control/matlab_msg_gen/glnxa64/install/include/autoware_auto_planning_msgs/autoware_auto_planning_msgs
[13.053s] -- Up-to-date: /home/yoo/Documents/MATLAB/MPC/control/matlab_msg_gen/glnxa64/install/include/autoware_auto_planning_msgs/autoware_auto_planning_msgs/msg
[13.053s] -- Up-to-date: /home/yoo/Documents/MATLAB/MPC/control/matlab_msg_gen/glnxa64/install/include/autoware_auto_planning_msgs/autoware_auto_planning_msgs/msg/detail
[13.053s] -- Installing: /home/yoo/Documents/MATLAB/MPC/control/matlab_msg_gen/glnxa64/install/include/autoware_auto_planning_msgs/autoware_auto_planning_msgs/msg/detail/path_with_lane_id__rosidl_typesupport_fastrtps_cpp.hpp
[13.053s] -- Installing: /home/yoo/Documents/MATLAB/MPC/control/matlab_msg_gen/glnxa64/install/include/autoware_auto_planning_msgs/autoware_auto_planning_msgs/msg/detail/trajectory_point__rosidl_typesupport_fastrtps_cpp.hpp
[13.053s] -- Installing: /home/yoo/Documents/MATLAB/MPC/control/matlab_msg_gen/glnxa64/install/include/autoware_auto_planning_msgs/autoware_auto_planning_msgs/msg/detail/path__rosidl_typesupport_fastrtps_cpp.hpp
[13.053s] -- Installing: /home/yoo/Documents/MATLAB/MPC/control/matlab_msg_gen/glnxa64/install/include/autoware_auto_planning_msgs/autoware_auto_planning_msgs/msg/detail/dds_fastrtps
[13.054s] -- Installing: /home/yoo/Documents/MATLAB/MPC/control/matlab_msg_gen/glnxa64/install/include/autoware_auto_planning_msgs/autoware_auto_planning_msgs/msg/detail/trajectory__rosidl_typesupport_fastrtps_cpp.hpp
[13.054s] -- Installing: /home/yoo/Documents/MATLAB/MPC/control/matlab_msg_gen/glnxa64/install/include/autoware_auto_planning_msgs/autoware_auto_planning_msgs/msg/detail/order_movement__rosidl_typesupport_fastrtps_cpp.hpp
[13.054s] -- Installing: /home/yoo/Documents/MATLAB/MPC/control/matlab_msg_gen/glnxa64/install/include/autoware_auto_planning_msgs/autoware_auto_planning_msgs/msg/detail/path_point__rosidl_typesupport_fastrtps_cpp.hpp
[13.054s] -- Installing: /home/yoo/Documents/MATLAB/MPC/control/matlab_msg_gen/glnxa64/install/include/autoware_auto_planning_msgs/autoware_auto_planning_msgs/msg/detail/path_point_with_lane_id__rosidl_typesupport_fastrtps_cpp.hpp
[13.054s] -- Installing: /home/yoo/Documents/MATLAB/MPC/control/matlab_msg_gen/glnxa64/install/include/autoware_auto_planning_msgs/autoware_auto_planning_msgs/msg/rosidl_typesupport_fastrtps_cpp__visibility_control.h
[13.055s] -- Installing: /home/yoo/Documents/MATLAB/MPC/control/matlab_msg_gen/glnxa64/install/lib/libautoware_auto_planning_msgs__rosidl_typesupport_fastrtps_cpp.so
[13.055s] -- Up-to-date: /home/yoo/Documents/MATLAB/MPC/control/matlab_msg_gen/glnxa64/install/include/autoware_auto_planning_msgs/autoware_auto_planning_msgs
[13.055s] -- Up-to-date: /home/yoo/Documents/MATLAB/MPC/control/matlab_msg_gen/glnxa64/install/include/autoware_auto_planning_msgs/autoware_auto_planning_msgs/msg
[13.055s] -- Up-to-date: /home/yoo/Documents/MATLAB/MPC/control/matlab_msg_gen/glnxa64/install/include/autoware_auto_planning_msgs/autoware_auto_planning_msgs/msg/detail
[13.056s] -- Installing: /home/yoo/Documents/MATLAB/MPC/control/matlab_msg_gen/glnxa64/install/include/autoware_auto_planning_msgs/autoware_auto_planning_msgs/msg/detail/order_movement__type_support.cpp
[13.056s] -- Installing: /home/yoo/Documents/MATLAB/MPC/control/matlab_msg_gen/glnxa64/install/include/autoware_auto_planning_msgs/autoware_auto_planning_msgs/msg/detail/path_with_lane_id__type_support.cpp
[13.056s] -- Installing: /home/yoo/Documents/MATLAB/MPC/control/matlab_msg_gen/glnxa64/install/include/autoware_auto_planning_msgs/autoware_auto_planning_msgs/msg/detail/path__rosidl_typesupport_introspection_cpp.hpp
[13.056s] -- Installing: /home/yoo/Documents/MATLAB/MPC/control/matlab_msg_gen/glnxa64/install/include/autoware_auto_planning_msgs/autoware_auto_planning_msgs/msg/detail/trajectory_point__rosidl_typesupport_introspection_cpp.hpp
[13.056s] -- Installing: /home/yoo/Documents/MATLAB/MPC/control/matlab_msg_gen/glnxa64/install/include/autoware_auto_planning_msgs/autoware_auto_planning_msgs/msg/detail/path_point_with_lane_id__type_support.cpp
[13.057s] -- Installing: /home/yoo/Documents/MATLAB/MPC/control/matlab_msg_gen/glnxa64/install/include/autoware_auto_planning_msgs/autoware_auto_planning_msgs/msg/detail/path__type_support.cpp
[13.057s] -- Installing: /home/yoo/Documents/MATLAB/MPC/control/matlab_msg_gen/glnxa64/install/include/autoware_auto_planning_msgs/autoware_auto_planning_msgs/msg/detail/path_point__rosidl_typesupport_introspection_cpp.hpp
[13.057s] -- Installing: /home/yoo/Documents/MATLAB/MPC/control/matlab_msg_gen/glnxa64/install/include/autoware_auto_planning_msgs/autoware_auto_planning_msgs/msg/detail/path_point_with_lane_id__rosidl_typesupport_introspection_cpp.hpp
[13.057s] -- Installing: /home/yoo/Documents/MATLAB/MPC/control/matlab_msg_gen/glnxa64/install/include/autoware_auto_planning_msgs/autoware_auto_planning_msgs/msg/detail/path_point__type_support.cpp
[13.058s] -- Installing: /home/yoo/Documents/MATLAB/MPC/control/matlab_msg_gen/glnxa64/install/include/autoware_auto_planning_msgs/autoware_auto_planning_msgs/msg/detail/trajectory__rosidl_typesupport_introspection_cpp.hpp
[13.058s] -- Installing: /home/yoo/Documents/MATLAB/MPC/control/matlab_msg_gen/glnxa64/install/include/autoware_auto_planning_msgs/autoware_auto_planning_msgs/msg/detail/trajectory__type_support.cpp
[13.058s] -- Installing: /home/yoo/Documents/MATLAB/MPC/control/matlab_msg_gen/glnxa64/install/include/autoware_auto_planning_msgs/autoware_auto_planning_msgs/msg/detail/path_with_lane_id__rosidl_typesupport_introspection_cpp.hpp
[13.058s] -- Installing: /home/yoo/Documents/MATLAB/MPC/control/matlab_msg_gen/glnxa64/install/include/autoware_auto_planning_msgs/autoware_auto_planning_msgs/msg/detail/order_movement__rosidl_typesupport_introspection_cpp.hpp
[13.058s] -- Installing: /home/yoo/Documents/MATLAB/MPC/control/matlab_msg_gen/glnxa64/install/include/autoware_auto_planning_msgs/autoware_auto_planning_msgs/msg/detail/trajectory_point__type_support.cpp
[13.059s] -- Installing: /home/yoo/Documents/MATLAB/MPC/control/matlab_msg_gen/glnxa64/install/lib/libautoware_auto_planning_msgs__rosidl_typesupport_introspection_cpp.so
[13.059s] -- Installing: /home/yoo/Documents/MATLAB/MPC/control/matlab_msg_gen/glnxa64/install/lib/libautoware_auto_planning_msgs__rosidl_typesupport_cpp.so
[13.059s] -- Installing: /home/yoo/Documents/MATLAB/MPC/control/matlab_msg_gen/glnxa64/install/share/autoware_auto_planning_msgs/msg/OrderMovement.idl
[13.060s] -- Installing: /home/yoo/Documents/MATLAB/MPC/control/matlab_msg_gen/glnxa64/install/share/autoware_auto_planning_msgs/msg/Path.idl
[13.060s] -- Installing: /home/yoo/Documents/MATLAB/MPC/control/matlab_msg_gen/glnxa64/install/share/autoware_auto_planning_msgs/msg/PathPoint.idl
[13.060s] -- Installing: /home/yoo/Documents/MATLAB/MPC/control/matlab_msg_gen/glnxa64/install/share/autoware_auto_planning_msgs/msg/PathPointWithLaneId.idl
[13.060s] -- Installing: /home/yoo/Documents/MATLAB/MPC/control/matlab_msg_gen/glnxa64/install/share/autoware_auto_planning_msgs/msg/PathWithLaneId.idl
[13.060s] -- Installing: /home/yoo/Documents/MATLAB/MPC/control/matlab_msg_gen/glnxa64/install/share/autoware_auto_planning_msgs/msg/Trajectory.idl
[13.060s] -- Installing: /home/yoo/Documents/MATLAB/MPC/control/matlab_msg_gen/glnxa64/install/share/autoware_auto_planning_msgs/msg/TrajectoryPoint.idl
[13.061s] -- Installing: /home/yoo/Documents/MATLAB/MPC/control/matlab_msg_gen/glnxa64/install/share/autoware_auto_planning_msgs/msg/OrderMovement.msg
[13.061s] -- Installing: /home/yoo/Documents/MATLAB/MPC/control/matlab_msg_gen/glnxa64/install/share/autoware_auto_planning_msgs/msg/Path.msg
[13.061s] -- Installing: /home/yoo/Documents/MATLAB/MPC/control/matlab_msg_gen/glnxa64/install/share/autoware_auto_planning_msgs/msg/PathPoint.msg
[13.061s] -- Installing: /home/yoo/Documents/MATLAB/MPC/control/matlab_msg_gen/glnxa64/install/share/autoware_auto_planning_msgs/msg/PathPointWithLaneId.msg
[13.061s] -- Installing: /home/yoo/Documents/MATLAB/MPC/control/matlab_msg_gen/glnxa64/install/share/autoware_auto_planning_msgs/msg/PathWithLaneId.msg
[13.062s] -- Installing: /home/yoo/Documents/MATLAB/MPC/control/matlab_msg_gen/glnxa64/install/share/autoware_auto_planning_msgs/msg/Trajectory.msg
[13.062s] -- Installing: /home/yoo/Documents/MATLAB/MPC/control/matlab_msg_gen/glnxa64/install/share/autoware_auto_planning_msgs/msg/TrajectoryPoint.msg
[13.062s] -- Up-to-date: /home/yoo/Documents/MATLAB/MPC/control/matlab_msg_gen/glnxa64/install/include
[13.062s] -- Up-to-date: /home/yoo/Documents/MATLAB/MPC/control/matlab_msg_gen/glnxa64/install/include/autoware_auto_planning_msgs
[13.062s] -- Installing: /home/yoo/Documents/MATLAB/MPC/control/matlab_msg_gen/glnxa64/install/include/autoware_auto_planning_msgs/visibility_control.h
[13.063s] -- Installing: /home/yoo/Documents/MATLAB/MPC/control/matlab_msg_gen/glnxa64/install/lib/libautoware_auto_planning_msgs_matlab.so
[13.099s] -- Installing: /home/yoo/Documents/MATLAB/MPC/control/matlab_msg_gen/glnxa64/install/m/
[13.099s] -- Installing: /home/yoo/Documents/MATLAB/MPC/control/matlab_msg_gen/glnxa64/install/m//+ros
[13.099s] -- Installing: /home/yoo/Documents/MATLAB/MPC/control/matlab_msg_gen/glnxa64/install/m//+ros/+internal
[13.099s] -- Installing: /home/yoo/Documents/MATLAB/MPC/control/matlab_msg_gen/glnxa64/install/m//+ros/+internal/+ros2
[13.099s] -- Installing: /home/yoo/Documents/MATLAB/MPC/control/matlab_msg_gen/glnxa64/install/m//+ros/+internal/+ros2/+custommessages
[13.099s] -- Installing: /home/yoo/Documents/MATLAB/MPC/control/matlab_msg_gen/glnxa64/install/m//+ros/+internal/+ros2/+custommessages/+autoware_auto_planning_msgs
[13.100s] -- Installing: /home/yoo/Documents/MATLAB/MPC/control/matlab_msg_gen/glnxa64/install/m//+ros/+internal/+ros2/+custommessages/+autoware_auto_planning_msgs/trajectoryPoint.m
[13.100s] -- Installing: /home/yoo/Documents/MATLAB/MPC/control/matlab_msg_gen/glnxa64/install/m//+ros/+internal/+ros2/+custommessages/+autoware_auto_planning_msgs/pathPointWithLaneId.m
[13.100s] -- Installing: /home/yoo/Documents/MATLAB/MPC/control/matlab_msg_gen/glnxa64/install/m//+ros/+internal/+ros2/+custommessages/+autoware_auto_planning_msgs/pathPoint.m
[13.100s] -- Installing: /home/yoo/Documents/MATLAB/MPC/control/matlab_msg_gen/glnxa64/install/m//+ros/+internal/+ros2/+custommessages/+autoware_auto_planning_msgs/path.m
[13.100s] -- Installing: /home/yoo/Documents/MATLAB/MPC/control/matlab_msg_gen/glnxa64/install/m//+ros/+internal/+ros2/+custommessages/+autoware_auto_planning_msgs/trajectory.m
[13.100s] -- Installing: /home/yoo/Documents/MATLAB/MPC/control/matlab_msg_gen/glnxa64/install/m//+ros/+internal/+ros2/+custommessages/+autoware_auto_planning_msgs/pathWithLaneId.m
[13.100s] -- Installing: /home/yoo/Documents/MATLAB/MPC/control/matlab_msg_gen/glnxa64/install/m//+ros/+internal/+ros2/+custommessages/+autoware_auto_planning_msgs/orderMovement.m
[13.101s] -- Installing: /home/yoo/Documents/MATLAB/MPC/control/matlab_msg_gen/glnxa64/install/share/ament_index/resource_index/package_run_dependencies/autoware_auto_planning_msgs
[13.101s] -- Installing: /home/yoo/Documents/MATLAB/MPC/control/matlab_msg_gen/glnxa64/install/share/ament_index/resource_index/parent_prefix_path/autoware_auto_planning_msgs
[13.101s] -- Installing: /home/yoo/Documents/MATLAB/MPC/control/matlab_msg_gen/glnxa64/install/share/autoware_auto_planning_msgs/environment/ament_prefix_path.sh
[13.101s] -- Installing: /home/yoo/Documents/MATLAB/MPC/control/matlab_msg_gen/glnxa64/install/share/autoware_auto_planning_msgs/environment/ament_prefix_path.dsv
[13.101s] -- Installing: /home/yoo/Documents/MATLAB/MPC/control/matlab_msg_gen/glnxa64/install/share/autoware_auto_planning_msgs/environment/path.sh
[13.102s] -- Installing: /home/yoo/Documents/MATLAB/MPC/control/matlab_msg_gen/glnxa64/install/share/autoware_auto_planning_msgs/environment/path.dsv
[13.102s] -- Installing: /home/yoo/Documents/MATLAB/MPC/control/matlab_msg_gen/glnxa64/install/share/autoware_auto_planning_msgs/local_setup.bash
[13.102s] -- Installing: /home/yoo/Documents/MATLAB/MPC/control/matlab_msg_gen/glnxa64/install/share/autoware_auto_planning_msgs/local_setup.sh
[13.102s] -- Installing: /home/yoo/Documents/MATLAB/MPC/control/matlab_msg_gen/glnxa64/install/share/autoware_auto_planning_msgs/local_setup.zsh
[13.102s] -- Installing: /home/yoo/Documents/MATLAB/MPC/control/matlab_msg_gen/glnxa64/install/share/autoware_auto_planning_msgs/local_setup.dsv
[13.103s] -- Installing: /home/yoo/Documents/MATLAB/MPC/control/matlab_msg_gen/glnxa64/install/share/autoware_auto_planning_msgs/package.dsv
[13.103s] -- Installing: /home/yoo/Documents/MATLAB/MPC/control/matlab_msg_gen/glnxa64/install/share/ament_index/resource_index/packages/autoware_auto_planning_msgs
[13.103s] -- Installing: /home/yoo/Documents/MATLAB/MPC/control/matlab_msg_gen/glnxa64/install/share/autoware_auto_planning_msgs/cmake/export_autoware_auto_planning_msgs__rosidl_generator_cExport.cmake
[13.103s] -- Installing: /home/yoo/Documents/MATLAB/MPC/control/matlab_msg_gen/glnxa64/install/share/autoware_auto_planning_msgs/cmake/export_autoware_auto_planning_msgs__rosidl_generator_cExport-release.cmake
[13.103s] -- Installing: /home/yoo/Documents/MATLAB/MPC/control/matlab_msg_gen/glnxa64/install/share/autoware_auto_planning_msgs/cmake/export_autoware_auto_planning_msgs__rosidl_typesupport_fastrtps_cExport.cmake
[13.103s] -- Installing: /home/yoo/Documents/MATLAB/MPC/control/matlab_msg_gen/glnxa64/install/share/autoware_auto_planning_msgs/cmake/export_autoware_auto_planning_msgs__rosidl_typesupport_fastrtps_cExport-release.cmake
[13.104s] -- Installing: /home/yoo/Documents/MATLAB/MPC/control/matlab_msg_gen/glnxa64/install/share/autoware_auto_planning_msgs/cmake/autoware_auto_planning_msgs__rosidl_typesupport_introspection_cExport.cmake
[13.104s] -- Installing: /home/yoo/Documents/MATLAB/MPC/control/matlab_msg_gen/glnxa64/install/share/autoware_auto_planning_msgs/cmake/autoware_auto_planning_msgs__rosidl_typesupport_introspection_cExport-release.cmake
[13.104s] -- Installing: /home/yoo/Documents/MATLAB/MPC/control/matlab_msg_gen/glnxa64/install/share/autoware_auto_planning_msgs/cmake/autoware_auto_planning_msgs__rosidl_typesupport_cExport.cmake
[13.104s] -- Installing: /home/yoo/Documents/MATLAB/MPC/control/matlab_msg_gen/glnxa64/install/share/autoware_auto_planning_msgs/cmake/autoware_auto_planning_msgs__rosidl_typesupport_cExport-release.cmake
[13.104s] -- Installing: /home/yoo/Documents/MATLAB/MPC/control/matlab_msg_gen/glnxa64/install/share/autoware_auto_planning_msgs/cmake/export_autoware_auto_planning_msgs__rosidl_generator_cppExport.cmake
[13.104s] -- Installing: /home/yoo/Documents/MATLAB/MPC/control/matlab_msg_gen/glnxa64/install/share/autoware_auto_planning_msgs/cmake/export_autoware_auto_planning_msgs__rosidl_typesupport_fastrtps_cppExport.cmake
[13.104s] -- Installing: /home/yoo/Documents/MATLAB/MPC/control/matlab_msg_gen/glnxa64/install/share/autoware_auto_planning_msgs/cmake/export_autoware_auto_planning_msgs__rosidl_typesupport_fastrtps_cppExport-release.cmake
[13.105s] -- Installing: /home/yoo/Documents/MATLAB/MPC/control/matlab_msg_gen/glnxa64/install/share/autoware_auto_planning_msgs/cmake/autoware_auto_planning_msgs__rosidl_typesupport_introspection_cppExport.cmake
[13.105s] -- Installing: /home/yoo/Documents/MATLAB/MPC/control/matlab_msg_gen/glnxa64/install/share/autoware_auto_planning_msgs/cmake/autoware_auto_planning_msgs__rosidl_typesupport_introspection_cppExport-release.cmake
[13.105s] -- Installing: /home/yoo/Documents/MATLAB/MPC/control/matlab_msg_gen/glnxa64/install/share/autoware_auto_planning_msgs/cmake/autoware_auto_planning_msgs__rosidl_typesupport_cppExport.cmake
[13.105s] -- Installing: /home/yoo/Documents/MATLAB/MPC/control/matlab_msg_gen/glnxa64/install/share/autoware_auto_planning_msgs/cmake/autoware_auto_planning_msgs__rosidl_typesupport_cppExport-release.cmake
[13.105s] -- Installing: /home/yoo/Documents/MATLAB/MPC/control/matlab_msg_gen/glnxa64/install/share/autoware_auto_planning_msgs/cmake/rosidl_cmake-extras.cmake
[13.106s] -- Installing: /home/yoo/Documents/MATLAB/MPC/control/matlab_msg_gen/glnxa64/install/share/autoware_auto_planning_msgs/cmake/ament_cmake_export_dependencies-extras.cmake
[13.106s] -- Installing: /home/yoo/Documents/MATLAB/MPC/control/matlab_msg_gen/glnxa64/install/share/autoware_auto_planning_msgs/cmake/ament_cmake_export_include_directories-extras.cmake
[13.106s] -- Installing: /home/yoo/Documents/MATLAB/MPC/control/matlab_msg_gen/glnxa64/install/share/autoware_auto_planning_msgs/cmake/ament_cmake_export_libraries-extras.cmake
[13.106s] -- Installing: /home/yoo/Documents/MATLAB/MPC/control/matlab_msg_gen/glnxa64/install/share/autoware_auto_planning_msgs/cmake/ament_cmake_export_targets-extras.cmake
[13.106s] -- Installing: /home/yoo/Documents/MATLAB/MPC/control/matlab_msg_gen/glnxa64/install/share/autoware_auto_planning_msgs/cmake/rosidl_cmake_export_typesupport_targets-extras.cmake
[13.107s] -- Installing: /home/yoo/Documents/MATLAB/MPC/control/matlab_msg_gen/glnxa64/install/share/autoware_auto_planning_msgs/cmake/rosidl_cmake_export_typesupport_libraries-extras.cmake
[13.107s] -- Installing: /home/yoo/Documents/MATLAB/MPC/control/matlab_msg_gen/glnxa64/install/share/autoware_auto_planning_msgs/cmake/autoware_auto_planning_msgsConfig.cmake
[13.107s] -- Installing: /home/yoo/Documents/MATLAB/MPC/control/matlab_msg_gen/glnxa64/install/share/autoware_auto_planning_msgs/cmake/autoware_auto_planning_msgsConfig-version.cmake
[13.107s] -- Installing: /home/yoo/Documents/MATLAB/MPC/control/matlab_msg_gen/glnxa64/install/share/autoware_auto_planning_msgs/package.xml
[13.109s] Invoked command in '/home/yoo/Documents/MATLAB/MPC/control/matlab_msg_gen/glnxa64/build/autoware_auto_planning_msgs' returned '0': PS1=(venv) VIRTUAL_ENV_PROMPT=(venv) /usr/local/MATLAB/R2025b/bin/glnxa64/cmake/bin/cmake --install /home/yoo/Documents/MATLAB/MPC/control/matlab_msg_gen/glnxa64/build/autoware_auto_planning_msgs
