[0.255s] DEBUG:colcon:Command line arguments: ['/home/yoo/.matlab/R2025b/ros2/glnxa64/venv/bin/colcon', 'build', '--merge-install', '--cmake-args', '-DCMAKE_BUILD_TYPE=Release', '-DCMAKE_SHARED_LINKER_FLAGS=-Wl,-no-as-needed', '-DBUILD_TESTING=OFF', '-DALIAS_ROS2_TF2=1', '-DCMAKE_CXX_FLAGS_RELEASE=-O0', '-G', 'Ninja', '-DCMAKE_C_COMPILER=/usr/bin/gcc', '-DCMAKE_CXX_COMPILER=/usr/bin/g++']
[0.256s] DEBUG:colcon:Parsed command line arguments: Namespace(log_base=None, log_level=None, verb_name='build', build_base='build', install_base='install', merge_install=True, symlink_install=False, test_result_base=None, continue_on_error=False, executor='parallel', parallel_workers=16, event_handlers=None, ignore_user_meta=False, metas=['./colcon.meta'], base_paths=['.'], packages_ignore=None, packages_ignore_regex=None, paths=None, packages_up_to=None, packages_up_to_regex=None, packages_above=None, packages_above_and_dependencies=None, packages_above_depth=None, packages_select_by_dep=None, packages_skip_by_dep=None, packages_skip_up_to=None, packages_select_build_failed=False, packages_skip_build_finished=False, packages_select_test_failures=False, packages_skip_test_passed=False, packages_select=None, packages_skip=None, packages_select_regex=None, packages_skip_regex=None, packages_start=None, packages_end=None, cmake_args=['-DCMAKE_BUILD_TYPE=Release', '-DCMAKE_SHARED_LINKER_FLAGS=-Wl,-no-as-needed', '-DBUILD_TESTING=OFF', '-DALIAS_ROS2_TF2=1', '-DCMAKE_CXX_FLAGS_RELEASE=-O0', '-G', 'Ninja', '-DCMAKE_C_COMPILER=/usr/bin/gcc', '-DCMAKE_CXX_COMPILER=/usr/bin/g++'], cmake_target=None, cmake_target_skip_unavailable=False, cmake_clean_cache=False, cmake_clean_first=False, cmake_force_configure=False, ament_cmake_args=None, catkin_cmake_args=None, catkin_skip_building_tests=False, verb_parser=<colcon_defaults.argument_parser.defaults.DefaultArgumentsDecorator object at 0x7d9f5dae0d00>, verb_extension=<colcon_core.verb.build.BuildVerb object at 0x7d9f5dc202b0>, main=<bound method BuildVerb.main of <colcon_core.verb.build.BuildVerb object at 0x7d9f5dc202b0>>)
[0.287s] Level 1:colcon.colcon_core.package_discovery:discover_packages(colcon_meta) check parameters
[0.287s] Level 1:colcon.colcon_core.package_discovery:discover_packages(recursive) check parameters
[0.287s] Level 1:colcon.colcon_core.package_discovery:discover_packages(ignore) check parameters
[0.287s] Level 1:colcon.colcon_core.package_discovery:discover_packages(path) check parameters
[0.287s] Level 1:colcon.colcon_core.package_discovery:discover_packages(colcon_meta) discover
[0.287s] Level 1:colcon.colcon_core.package_discovery:discover_packages(recursive) discover
[0.287s] INFO:colcon.colcon_core.package_discovery:Crawling recursively for packages in '/home/yoo/Documents/MATLAB/MPC/control/matlab_msg_gen/glnxa64'
[0.287s] Level 1:colcon.colcon_core.package_identification:_identify(.) by extensions ['ignore', 'ignore_ament_install']
[0.287s] Level 1:colcon.colcon_core.package_identification:_identify(.) by extension 'ignore'
[0.287s] Level 1:colcon.colcon_core.package_identification:_identify(.) by extension 'ignore_ament_install'
[0.287s] Level 1:colcon.colcon_core.package_identification:_identify(.) by extensions ['colcon_pkg']
[0.287s] Level 1:colcon.colcon_core.package_identification:_identify(.) by extension 'colcon_pkg'
[0.287s] Level 1:colcon.colcon_core.package_identification:_identify(.) by extensions ['colcon_meta']
[0.287s] Level 1:colcon.colcon_core.package_identification:_identify(.) by extension 'colcon_meta'
[0.287s] Level 1:colcon.colcon_core.package_identification:_identify(.) by extensions ['ros']
[0.287s] Level 1:colcon.colcon_core.package_identification:_identify(.) by extension 'ros'
[0.300s] Level 1:colcon.colcon_core.package_identification:_identify(.) by extensions ['cmake', 'python']
[0.300s] Level 1:colcon.colcon_core.package_identification:_identify(.) by extension 'cmake'
[0.300s] Level 1:colcon.colcon_core.package_identification:_identify(.) by extension 'python'
[0.300s] Level 1:colcon.colcon_core.package_identification:_identify(.) by extensions ['python_setup_py']
[0.300s] Level 1:colcon.colcon_core.package_identification:_identify(.) by extension 'python_setup_py'
[0.301s] Level 1:colcon.colcon_core.package_identification:_identify(build) by extensions ['ignore', 'ignore_ament_install']
[0.301s] Level 1:colcon.colcon_core.package_identification:_identify(build) by extension 'ignore'
[0.301s] Level 1:colcon.colcon_core.package_identification:_identify(build) ignored
[0.301s] Level 1:colcon.colcon_core.package_identification:_identify(install) by extensions ['ignore', 'ignore_ament_install']
[0.301s] Level 1:colcon.colcon_core.package_identification:_identify(install) by extension 'ignore'
[0.301s] Level 1:colcon.colcon_core.package_identification:_identify(install) ignored
[0.301s] Level 1:colcon.colcon_core.package_identification:_identify(log) by extensions ['ignore', 'ignore_ament_install']
[0.301s] Level 1:colcon.colcon_core.package_identification:_identify(log) by extension 'ignore'
[0.301s] Level 1:colcon.colcon_core.package_identification:_identify(log) ignored
[0.301s] Level 1:colcon.colcon_core.package_identification:_identify(src) by extensions ['ignore', 'ignore_ament_install']
[0.301s] Level 1:colcon.colcon_core.package_identification:_identify(src) by extension 'ignore'
[0.301s] Level 1:colcon.colcon_core.package_identification:_identify(src) by extension 'ignore_ament_install'
[0.301s] Level 1:colcon.colcon_core.package_identification:_identify(src) by extensions ['colcon_pkg']
[0.301s] Level 1:colcon.colcon_core.package_identification:_identify(src) by extension 'colcon_pkg'
[0.301s] Level 1:colcon.colcon_core.package_identification:_identify(src) by extensions ['colcon_meta']
[0.301s] Level 1:colcon.colcon_core.package_identification:_identify(src) by extension 'colcon_meta'
[0.301s] Level 1:colcon.colcon_core.package_identification:_identify(src) by extensions ['ros']
[0.301s] Level 1:colcon.colcon_core.package_identification:_identify(src) by extension 'ros'
[0.301s] Level 1:colcon.colcon_core.package_identification:_identify(src) by extensions ['cmake', 'python']
[0.301s] Level 1:colcon.colcon_core.package_identification:_identify(src) by extension 'cmake'
[0.301s] Level 1:colcon.colcon_core.package_identification:_identify(src) by extension 'python'
[0.301s] Level 1:colcon.colcon_core.package_identification:_identify(src) by extensions ['python_setup_py']
[0.301s] Level 1:colcon.colcon_core.package_identification:_identify(src) by extension 'python_setup_py'
[0.301s] Level 1:colcon.colcon_core.package_identification:_identify(src/autoware_auto_planning_msgs) by extensions ['ignore', 'ignore_ament_install']
[0.301s] Level 1:colcon.colcon_core.package_identification:_identify(src/autoware_auto_planning_msgs) by extension 'ignore'
[0.301s] Level 1:colcon.colcon_core.package_identification:_identify(src/autoware_auto_planning_msgs) by extension 'ignore_ament_install'
[0.302s] Level 1:colcon.colcon_core.package_identification:_identify(src/autoware_auto_planning_msgs) by extensions ['colcon_pkg']
[0.302s] Level 1:colcon.colcon_core.package_identification:_identify(src/autoware_auto_planning_msgs) by extension 'colcon_pkg'
[0.302s] Level 1:colcon.colcon_core.package_identification:_identify(src/autoware_auto_planning_msgs) by extensions ['colcon_meta']
[0.302s] Level 1:colcon.colcon_core.package_identification:_identify(src/autoware_auto_planning_msgs) by extension 'colcon_meta'
[0.302s] Level 1:colcon.colcon_core.package_identification:_identify(src/autoware_auto_planning_msgs) by extensions ['ros']
[0.302s] Level 1:colcon.colcon_core.package_identification:_identify(src/autoware_auto_planning_msgs) by extension 'ros'
[0.303s] DEBUG:colcon.colcon_core.package_identification:Package 'src/autoware_auto_planning_msgs' with type 'ros.ament_cmake' and name 'autoware_auto_planning_msgs'
[0.303s] Level 1:colcon.colcon_core.package_discovery:discover_packages(recursive) using defaults
[0.304s] Level 1:colcon.colcon_core.package_discovery:discover_packages(ignore) discover
[0.304s] Level 1:colcon.colcon_core.package_discovery:discover_packages(ignore) using defaults
[0.304s] Level 1:colcon.colcon_core.package_discovery:discover_packages(path) discover
[0.304s] Level 1:colcon.colcon_core.package_discovery:discover_packages(path) using defaults
[0.335s] Level 5:colcon.colcon_core.verb:set package 'autoware_auto_planning_msgs' build argument 'cmake_args' from command line to '['-DCMAKE_BUILD_TYPE=Release', '-DCMAKE_SHARED_LINKER_FLAGS=-Wl,-no-as-needed', '-DBUILD_TESTING=OFF', '-DALIAS_ROS2_TF2=1', '-DCMAKE_CXX_FLAGS_RELEASE=-O0', '-G', 'Ninja', '-DCMAKE_C_COMPILER=/usr/bin/gcc', '-DCMAKE_CXX_COMPILER=/usr/bin/g++']'
[0.335s] Level 5:colcon.colcon_core.verb:set package 'autoware_auto_planning_msgs' build argument 'cmake_target' from command line to 'None'
[0.335s] Level 5:colcon.colcon_core.verb:set package 'autoware_auto_planning_msgs' build argument 'cmake_target_skip_unavailable' from command line to 'False'
[0.335s] Level 5:colcon.colcon_core.verb:set package 'autoware_auto_planning_msgs' build argument 'cmake_clean_cache' from command line to 'False'
[0.335s] Level 5:colcon.colcon_core.verb:set package 'autoware_auto_planning_msgs' build argument 'cmake_clean_first' from command line to 'False'
[0.335s] Level 5:colcon.colcon_core.verb:set package 'autoware_auto_planning_msgs' build argument 'cmake_force_configure' from command line to 'False'
[0.335s] Level 5:colcon.colcon_core.verb:set package 'autoware_auto_planning_msgs' build argument 'ament_cmake_args' from command line to 'None'
[0.335s] Level 5:colcon.colcon_core.verb:set package 'autoware_auto_planning_msgs' build argument 'catkin_cmake_args' from command line to 'None'
[0.335s] Level 5:colcon.colcon_core.verb:set package 'autoware_auto_planning_msgs' build argument 'catkin_skip_building_tests' from command line to 'False'
[0.335s] DEBUG:colcon.colcon_core.verb:Building package 'autoware_auto_planning_msgs' with the following arguments: {'ament_cmake_args': None, 'build_base': '/home/yoo/Documents/MATLAB/MPC/control/matlab_msg_gen/glnxa64/build/autoware_auto_planning_msgs', 'catkin_cmake_args': None, 'catkin_skip_building_tests': False, 'cmake_args': ['-DCMAKE_BUILD_TYPE=Release', '-DCMAKE_SHARED_LINKER_FLAGS=-Wl,-no-as-needed', '-DBUILD_TESTING=OFF', '-DALIAS_ROS2_TF2=1', '-DCMAKE_CXX_FLAGS_RELEASE=-O0', '-G', 'Ninja', '-DCMAKE_C_COMPILER=/usr/bin/gcc', '-DCMAKE_CXX_COMPILER=/usr/bin/g++'], 'cmake_clean_cache': False, 'cmake_clean_first': False, 'cmake_force_configure': False, 'cmake_target': None, 'cmake_target_skip_unavailable': False, 'install_base': '/home/yoo/Documents/MATLAB/MPC/control/matlab_msg_gen/glnxa64/install', 'merge_install': True, 'path': '/home/yoo/Documents/MATLAB/MPC/control/matlab_msg_gen/glnxa64/src/autoware_auto_planning_msgs', 'symlink_install': False, 'test_result_base': None}
[0.336s] INFO:colcon.colcon_core.executor:Executing jobs using 'parallel' executor
[0.345s] DEBUG:colcon.colcon_parallel_executor.executor.parallel:run_until_complete
[0.345s] INFO:colcon.colcon_ros.task.ament_cmake.build:Building ROS package in '/home/yoo/Documents/MATLAB/MPC/control/matlab_msg_gen/glnxa64/src/autoware_auto_planning_msgs' with build type 'ament_cmake'
[0.345s] INFO:colcon.colcon_cmake.task.cmake.build:Building CMake package in '/home/yoo/Documents/MATLAB/MPC/control/matlab_msg_gen/glnxa64/src/autoware_auto_planning_msgs'
[0.350s] INFO:colcon.colcon_core.plugin_system:Skipping extension 'colcon_core.shell.bat': Not used on non-Windows systems
[0.350s] INFO:colcon.colcon_core.shell:Skip shell extension 'powershell' for command environment: Not usable outside of PowerShell
[0.351s] DEBUG:colcon.colcon_core.shell:Skip shell extension 'dsv' for command environment
[0.367s] DEBUG:colcon.colcon_core.event_handler.log_command:Invoking command in '/home/yoo/Documents/MATLAB/MPC/control/matlab_msg_gen/glnxa64/build/autoware_auto_planning_msgs': PS1=(venv) VIRTUAL_ENV_PROMPT=(venv) /usr/local/MATLAB/R2025b/bin/glnxa64/cmake/bin/cmake /home/yoo/Documents/MATLAB/MPC/control/matlab_msg_gen/glnxa64/src/autoware_auto_planning_msgs -DCMAKE_BUILD_TYPE=Release -DCMAKE_SHARED_LINKER_FLAGS=-Wl,-no-as-needed -DBUILD_TESTING=OFF -DALIAS_ROS2_TF2=1 -DCMAKE_CXX_FLAGS_RELEASE=-O0 -G Ninja -DCMAKE_C_COMPILER=/usr/bin/gcc -DCMAKE_CXX_COMPILER=/usr/bin/g++ -DCMAKE_INSTALL_PREFIX=/home/yoo/Documents/MATLAB/MPC/control/matlab_msg_gen/glnxa64/install
[1.957s] DEBUG:colcon.colcon_core.event_handler.log_command:Invoked command in '/home/yoo/Documents/MATLAB/MPC/control/matlab_msg_gen/glnxa64/build/autoware_auto_planning_msgs' returned '0': PS1=(venv) VIRTUAL_ENV_PROMPT=(venv) /usr/local/MATLAB/R2025b/bin/glnxa64/cmake/bin/cmake /home/yoo/Documents/MATLAB/MPC/control/matlab_msg_gen/glnxa64/src/autoware_auto_planning_msgs -DCMAKE_BUILD_TYPE=Release -DCMAKE_SHARED_LINKER_FLAGS=-Wl,-no-as-needed -DBUILD_TESTING=OFF -DALIAS_ROS2_TF2=1 -DCMAKE_CXX_FLAGS_RELEASE=-O0 -G Ninja -DCMAKE_C_COMPILER=/usr/bin/gcc -DCMAKE_CXX_COMPILER=/usr/bin/g++ -DCMAKE_INSTALL_PREFIX=/home/yoo/Documents/MATLAB/MPC/control/matlab_msg_gen/glnxa64/install
[1.959s] DEBUG:colcon.colcon_core.event_handler.log_command:Invoking command in '/home/yoo/Documents/MATLAB/MPC/control/matlab_msg_gen/glnxa64/build/autoware_auto_planning_msgs': PS1=(venv) VIRTUAL_ENV_PROMPT=(venv) /usr/local/MATLAB/R2025b/bin/glnxa64/cmake/bin/cmake --build /home/yoo/Documents/MATLAB/MPC/control/matlab_msg_gen/glnxa64/build/autoware_auto_planning_msgs -- -j16 -l16
[13.346s] DEBUG:colcon.colcon_core.event_handler.log_command:Invoked command in '/home/yoo/Documents/MATLAB/MPC/control/matlab_msg_gen/glnxa64/build/autoware_auto_planning_msgs' returned '0': PS1=(venv) VIRTUAL_ENV_PROMPT=(venv) /usr/local/MATLAB/R2025b/bin/glnxa64/cmake/bin/cmake --build /home/yoo/Documents/MATLAB/MPC/control/matlab_msg_gen/glnxa64/build/autoware_auto_planning_msgs -- -j16 -l16
[13.374s] DEBUG:colcon.colcon_core.event_handler.log_command:Invoking command in '/home/yoo/Documents/MATLAB/MPC/control/matlab_msg_gen/glnxa64/build/autoware_auto_planning_msgs': PS1=(venv) VIRTUAL_ENV_PROMPT=(venv) /usr/local/MATLAB/R2025b/bin/glnxa64/cmake/bin/cmake --install /home/yoo/Documents/MATLAB/MPC/control/matlab_msg_gen/glnxa64/build/autoware_auto_planning_msgs
[13.453s] Level 1:colcon.colcon_core.environment:create_environment_scripts_only(autoware_auto_planning_msgs)
[13.455s] DEBUG:colcon.colcon_core.event_handler.log_command:Invoked command in '/home/yoo/Documents/MATLAB/MPC/control/matlab_msg_gen/glnxa64/build/autoware_auto_planning_msgs' returned '0': PS1=(venv) VIRTUAL_ENV_PROMPT=(venv) /usr/local/MATLAB/R2025b/bin/glnxa64/cmake/bin/cmake --install /home/yoo/Documents/MATLAB/MPC/control/matlab_msg_gen/glnxa64/build/autoware_auto_planning_msgs
[13.461s] Level 1:colcon.colcon_core.environment:checking '/home/yoo/Documents/MATLAB/MPC/control/matlab_msg_gen/glnxa64/install' for CMake module files
[13.462s] Level 1:colcon.colcon_core.environment:checking '/home/yoo/Documents/MATLAB/MPC/control/matlab_msg_gen/glnxa64/install' for CMake config files
[13.462s] Level 1:colcon.colcon_core.shell:create_environment_hook('autoware_auto_planning_msgs', 'cmake_prefix_path')
[13.465s] INFO:colcon.colcon_core.shell:Creating environment hook '/home/yoo/Documents/MATLAB/MPC/control/matlab_msg_gen/glnxa64/install/share/autoware_auto_planning_msgs/hook/cmake_prefix_path.ps1'
[13.466s] INFO:colcon.colcon_core.shell:Creating environment descriptor '/home/yoo/Documents/MATLAB/MPC/control/matlab_msg_gen/glnxa64/install/share/autoware_auto_planning_msgs/hook/cmake_prefix_path.dsv'
[13.466s] INFO:colcon.colcon_core.shell:Creating environment hook '/home/yoo/Documents/MATLAB/MPC/control/matlab_msg_gen/glnxa64/install/share/autoware_auto_planning_msgs/hook/cmake_prefix_path.sh'
[13.467s] Level 1:colcon.colcon_core.environment:checking '/home/yoo/Documents/MATLAB/MPC/control/matlab_msg_gen/glnxa64/install/lib'
[13.467s] Level 1:colcon.colcon_core.shell:create_environment_hook('autoware_auto_planning_msgs', 'ld_library_path_lib')
[13.470s] INFO:colcon.colcon_core.shell:Creating environment hook '/home/yoo/Documents/MATLAB/MPC/control/matlab_msg_gen/glnxa64/install/share/autoware_auto_planning_msgs/hook/ld_library_path_lib.ps1'
[13.471s] INFO:colcon.colcon_core.shell:Creating environment descriptor '/home/yoo/Documents/MATLAB/MPC/control/matlab_msg_gen/glnxa64/install/share/autoware_auto_planning_msgs/hook/ld_library_path_lib.dsv'
[13.471s] INFO:colcon.colcon_core.shell:Creating environment hook '/home/yoo/Documents/MATLAB/MPC/control/matlab_msg_gen/glnxa64/install/share/autoware_auto_planning_msgs/hook/ld_library_path_lib.sh'
[13.471s] Level 1:colcon.colcon_core.environment:checking '/home/yoo/Documents/MATLAB/MPC/control/matlab_msg_gen/glnxa64/install/bin'
[13.471s] Level 1:colcon.colcon_core.environment:checking '/home/yoo/Documents/MATLAB/MPC/control/matlab_msg_gen/glnxa64/install/lib/pkgconfig/autoware_auto_planning_msgs.pc'
[13.472s] Level 1:colcon.colcon_core.environment:checking '/home/yoo/Documents/MATLAB/MPC/control/matlab_msg_gen/glnxa64/install/lib/python3.10/site-packages'
[13.472s] Level 1:colcon.colcon_core.environment:checking '/home/yoo/Documents/MATLAB/MPC/control/matlab_msg_gen/glnxa64/install/bin'
[13.476s] INFO:colcon.colcon_core.shell:Creating package script '/home/yoo/Documents/MATLAB/MPC/control/matlab_msg_gen/glnxa64/install/share/autoware_auto_planning_msgs/package.ps1'
[13.476s] INFO:colcon.colcon_core.shell:Creating package descriptor '/home/yoo/Documents/MATLAB/MPC/control/matlab_msg_gen/glnxa64/install/share/autoware_auto_planning_msgs/package.dsv'
[13.476s] INFO:colcon.colcon_core.shell:Creating package script '/home/yoo/Documents/MATLAB/MPC/control/matlab_msg_gen/glnxa64/install/share/autoware_auto_planning_msgs/package.sh'
[13.477s] INFO:colcon.colcon_core.shell:Creating package script '/home/yoo/Documents/MATLAB/MPC/control/matlab_msg_gen/glnxa64/install/share/autoware_auto_planning_msgs/package.bash'
[13.477s] INFO:colcon.colcon_core.shell:Creating package script '/home/yoo/Documents/MATLAB/MPC/control/matlab_msg_gen/glnxa64/install/share/autoware_auto_planning_msgs/package.zsh'
[13.478s] Level 1:colcon.colcon_core.environment:create_file_with_runtime_dependencies(/home/yoo/Documents/MATLAB/MPC/control/matlab_msg_gen/glnxa64/install/share/colcon-core/packages/autoware_auto_planning_msgs)
[13.498s] Level 1:colcon.colcon_core.environment:create_environment_scripts_only(autoware_auto_planning_msgs)
[13.504s] Level 1:colcon.colcon_core.environment:checking '/home/yoo/Documents/MATLAB/MPC/control/matlab_msg_gen/glnxa64/install' for CMake module files
[13.504s] Level 1:colcon.colcon_core.environment:checking '/home/yoo/Documents/MATLAB/MPC/control/matlab_msg_gen/glnxa64/install' for CMake config files
[13.505s] Level 1:colcon.colcon_core.shell:create_environment_hook('autoware_auto_planning_msgs', 'cmake_prefix_path')
[13.509s] INFO:colcon.colcon_core.shell:Creating environment hook '/home/yoo/Documents/MATLAB/MPC/control/matlab_msg_gen/glnxa64/install/share/autoware_auto_planning_msgs/hook/cmake_prefix_path.ps1'
[13.509s] INFO:colcon.colcon_core.shell:Creating environment descriptor '/home/yoo/Documents/MATLAB/MPC/control/matlab_msg_gen/glnxa64/install/share/autoware_auto_planning_msgs/hook/cmake_prefix_path.dsv'
[13.510s] INFO:colcon.colcon_core.shell:Creating environment hook '/home/yoo/Documents/MATLAB/MPC/control/matlab_msg_gen/glnxa64/install/share/autoware_auto_planning_msgs/hook/cmake_prefix_path.sh'
[13.510s] Level 1:colcon.colcon_core.environment:checking '/home/yoo/Documents/MATLAB/MPC/control/matlab_msg_gen/glnxa64/install/lib'
[13.510s] Level 1:colcon.colcon_core.shell:create_environment_hook('autoware_auto_planning_msgs', 'ld_library_path_lib')
[13.514s] INFO:colcon.colcon_core.shell:Creating environment hook '/home/yoo/Documents/MATLAB/MPC/control/matlab_msg_gen/glnxa64/install/share/autoware_auto_planning_msgs/hook/ld_library_path_lib.ps1'
[13.514s] INFO:colcon.colcon_core.shell:Creating environment descriptor '/home/yoo/Documents/MATLAB/MPC/control/matlab_msg_gen/glnxa64/install/share/autoware_auto_planning_msgs/hook/ld_library_path_lib.dsv'
[13.514s] INFO:colcon.colcon_core.shell:Creating environment hook '/home/yoo/Documents/MATLAB/MPC/control/matlab_msg_gen/glnxa64/install/share/autoware_auto_planning_msgs/hook/ld_library_path_lib.sh'
[13.514s] Level 1:colcon.colcon_core.environment:checking '/home/yoo/Documents/MATLAB/MPC/control/matlab_msg_gen/glnxa64/install/bin'
[13.514s] Level 1:colcon.colcon_core.environment:checking '/home/yoo/Documents/MATLAB/MPC/control/matlab_msg_gen/glnxa64/install/lib/pkgconfig/autoware_auto_planning_msgs.pc'
[13.515s] Level 1:colcon.colcon_core.environment:checking '/home/yoo/Documents/MATLAB/MPC/control/matlab_msg_gen/glnxa64/install/lib/python3.10/site-packages'
[13.515s] Level 1:colcon.colcon_core.environment:checking '/home/yoo/Documents/MATLAB/MPC/control/matlab_msg_gen/glnxa64/install/bin'
[13.518s] INFO:colcon.colcon_core.shell:Creating package script '/home/yoo/Documents/MATLAB/MPC/control/matlab_msg_gen/glnxa64/install/share/autoware_auto_planning_msgs/package.ps1'
[13.519s] INFO:colcon.colcon_core.shell:Creating package descriptor '/home/yoo/Documents/MATLAB/MPC/control/matlab_msg_gen/glnxa64/install/share/autoware_auto_planning_msgs/package.dsv'
[13.519s] INFO:colcon.colcon_core.shell:Creating package script '/home/yoo/Documents/MATLAB/MPC/control/matlab_msg_gen/glnxa64/install/share/autoware_auto_planning_msgs/package.sh'
[13.519s] INFO:colcon.colcon_core.shell:Creating package script '/home/yoo/Documents/MATLAB/MPC/control/matlab_msg_gen/glnxa64/install/share/autoware_auto_planning_msgs/package.bash'
[13.520s] INFO:colcon.colcon_core.shell:Creating package script '/home/yoo/Documents/MATLAB/MPC/control/matlab_msg_gen/glnxa64/install/share/autoware_auto_planning_msgs/package.zsh'
[13.520s] Level 1:colcon.colcon_core.environment:create_file_with_runtime_dependencies(/home/yoo/Documents/MATLAB/MPC/control/matlab_msg_gen/glnxa64/install/share/colcon-core/packages/autoware_auto_planning_msgs)
[13.520s] DEBUG:colcon.colcon_parallel_executor.executor.parallel:closing loop
[13.520s] DEBUG:colcon.colcon_parallel_executor.executor.parallel:loop closed
[13.520s] DEBUG:colcon.colcon_parallel_executor.executor.parallel:run_until_complete finished with '0'
[13.520s] DEBUG:colcon.colcon_core.event_reactor:joining thread
[13.525s] INFO:colcon.colcon_core.plugin_system:Skipping extension 'colcon_notification.desktop_notification.notify2': 'notify2' not found
[13.527s] INFO:colcon.colcon_core.plugin_system:Skipping extension 'colcon_notification.desktop_notification.terminal_notifier': Not used on non-Darwin systems
[13.527s] INFO:colcon.colcon_core.plugin_system:Skipping extension 'colcon_notification.desktop_notification.win32': Not used on non-Windows systems
[13.527s] INFO:colcon.colcon_notification.desktop_notification:Sending desktop notification using 'notify_send'
[13.593s] DEBUG:colcon.colcon_core.event_reactor:joined thread
[13.598s] INFO:colcon.colcon_core.shell:Creating prefix script '/home/yoo/Documents/MATLAB/MPC/control/matlab_msg_gen/glnxa64/install/local_setup.ps1'
[13.598s] INFO:colcon.colcon_core.shell:Creating prefix util module '/home/yoo/Documents/MATLAB/MPC/control/matlab_msg_gen/glnxa64/install/_local_setup_util_ps1.py'
[13.599s] INFO:colcon.colcon_core.shell:Creating prefix chain script '/home/yoo/Documents/MATLAB/MPC/control/matlab_msg_gen/glnxa64/install/setup.ps1'
[13.603s] INFO:colcon.colcon_core.shell:Creating prefix script '/home/yoo/Documents/MATLAB/MPC/control/matlab_msg_gen/glnxa64/install/local_setup.sh'
[13.604s] INFO:colcon.colcon_core.shell:Creating prefix util module '/home/yoo/Documents/MATLAB/MPC/control/matlab_msg_gen/glnxa64/install/_local_setup_util_sh.py'
[13.604s] INFO:colcon.colcon_core.shell:Creating prefix chain script '/home/yoo/Documents/MATLAB/MPC/control/matlab_msg_gen/glnxa64/install/setup.sh'
[13.607s] INFO:colcon.colcon_core.shell:Creating prefix script '/home/yoo/Documents/MATLAB/MPC/control/matlab_msg_gen/glnxa64/install/local_setup.bash'
[13.608s] INFO:colcon.colcon_core.shell:Creating prefix chain script '/home/yoo/Documents/MATLAB/MPC/control/matlab_msg_gen/glnxa64/install/setup.bash'
[13.612s] INFO:colcon.colcon_core.shell:Creating prefix script '/home/yoo/Documents/MATLAB/MPC/control/matlab_msg_gen/glnxa64/install/local_setup.zsh'
[13.612s] INFO:colcon.colcon_core.shell:Creating prefix chain script '/home/yoo/Documents/MATLAB/MPC/control/matlab_msg_gen/glnxa64/install/setup.zsh'
